[2026-07-05T16:07:15.479152+00:00] run started, 0 already seen, target 3 new
[2026-07-05T16:07:35.920591+00:00] saved https://2424.mg/entrepreneuriat-de-longues-demarches-pour-creer-sa-societe/
[2026-07-05T16:07:44.497608+00:00] saved https://2424.mg/editorial-24-24-mg-un-pari-pour-le-present/
[2026-07-05T16:07:50.639359+00:00] saved https://2424.mg/commerce-des-tresors-doccasion-dans-les-friperies/
[2026-07-05T16:07:50.640010+00:00] stopped: limit reached (3 new articles)
[2026-07-13T12:50:24.726458+00:00] run started, 3 already seen, target 10 new
[2026-07-13T12:50:36.574810+00:00] saved https://2424.mg/carburants-incidence-elevee-des-prix-internationaux-sur-les-prix-a-la-pompe/
[2026-07-13T12:50:44.437160+00:00] saved https://2424.mg/energie-domestique-du-charbon-et-des-foyers-ameliores-pour-sauver-les-forets/
[2026-07-13T12:50:56.018241+00:00] saved https://2424.mg/divertissement-desinteret-des-jeunes-pour-les-jeux-de-societe-traditionnels/
[2026-07-13T12:50:59.870165+00:00] saved https://2424.mg/tendance-pov-by-soherina-une-collection-militante/
[2026-07-13T12:51:03.247895+00:00] saved https://2424.mg/energie-le-marche-des-panneaux-solaires-domestiques-en-voie-de-developpement/
[2026-07-13T12:51:14.609177+00:00] saved https://2424.mg/destination-rester-chez-soi-et-passer-des-vacances-de-reve-le-mode-demploi/
[2026-07-13T12:51:18.265475+00:00] saved https://2424.mg/entrepreneuriat-le-sim-a-coeur-ouvert-avec-les-jeunes-sur-les-difficultes-du-secteur-industriel/
[2026-07-13T12:51:21.406019+00:00] saved https://2424.mg/agriculture-et-elevage-les-ambitions-agripreneuriales-de-hugues-rakotomanana/
[2026-07-13T12:51:33.473084+00:00] saved https://2424.mg/vie-detudiants-les-dossiers-dinscription-aupres-des-differentes-universites-a-preparer-a-lavance/
[2026-07-13T12:51:38.531242+00:00] saved https://2424.mg/election-une-plethore-de-candidats-pour-la-presidentielle-du-7-novembre/
[2026-07-13T12:51:38.531732+00:00] stopped: limit reached (10 new articles)
[2026-07-13T14:02:45.964982+00:00] run started, 13 already seen, target 10 new
[2026-07-13T14:02:51.888785+00:00] saved https://2424.mg/election-la-hcc-valide-36-candidatures-et-recale-10-autres-pour-la-presidentielle/
[2026-07-13T14:03:02.470848+00:00] saved https://2424.mg/destination-un-weekend-devasion-pour-deux-jours-de-vacances-le-mode-demploi/
[2026-07-13T14:04:18.857140+00:00] run started, 15 already seen, target 10 new
[2026-07-13T14:04:32.096821+00:00] saved https://2424.mg/election-presidentielle-calendrier-les-dates-importantes/
[2026-07-13T14:04:45.588253+00:00] saved https://2424.mg/accident-un-incendie-fait-38-familles-sinistrees/
[2026-07-13T14:04:58.609871+00:00] saved https://2424.mg/numero-dordre-dans-le-bulletin-unique-et-les-panneaux-daffichages/
[2026-07-13T14:05:10.584212+00:00] saved https://2424.mg/36-candidats-a-lelection-presidentielle/
[2026-07-13T14:05:14.311094+00:00] saved https://2424.mg/musique-aux-bons-soins-de-linda-volahasiniaina/
[2026-07-13T14:05:24.993325+00:00] saved https://2424.mg/bien-etre-trop-dormir-nuit-a-la-sante/
[2026-07-13T14:05:37.883646+00:00] saved https://2424.mg/peste-election/
[2026-07-13T14:05:41.767049+00:00] saved https://2424.mg/gastronomie-le-koba-sinvite-a-table/
[2026-07-13T14:05:46.525303+00:00] saved https://2424.mg/fitokonana-mifanenjana-aminny-sendikanny-mpiasanny-fadin-tseranana-sy-ny-fanjakana/
[2026-07-13T14:05:51.204866+00:00] saved https://2424.mg/exploitation-miniere-les-travaux-de-toliara-sands-toujours-suspendus/
[2026-07-13T14:05:51.208852+00:00] stopped: limit reached (10 new articles)
[2026-07-13T14:37:22.615081+00:00] run started, 25 already seen, target 0 new
[2026-07-13T14:37:37.768253+00:00] saved https://2424.mg/manifestation-les-douaniers-syndiques-abandonnent-la-greve/
[2026-07-13T14:37:47.234502+00:00] saved https://2424.mg/et-michael-jackson-pouvait-faire-une-chanson-pour-madagascar/
[2026-07-13T14:37:51.981684+00:00] saved https://2424.mg/transport-urbain-le-tarif-des-taxi-be-maintenu-a-400-ariary/
[2026-07-13T14:38:04.568450+00:00] saved https://2424.mg/la-propagande-une-histoire-de-gros-sous/
[2026-07-13T14:38:23.240503+00:00] saved https://2424.mg/bien-etre-aller-en-salle-pour-des-exercices-sportifs-personnalises/
[2026-07-13T14:38:34.908828+00:00] saved https://2424.mg/enquete-deux-suspects-places-en-detention-preventive-apres-le-triple-meurtre-dimerintsiatosika/
[2026-07-13T14:38:41.192873+00:00] saved https://2424.mg/fitanterana-mizara-hevitra-ireo-mpitatitra-aminny-fampiakarana-ny-saran-dalana/
[2026-07-13T14:38:50.431438+00:00] saved https://2424.mg/la-deforestation-a-madagascar-lincomprehension/
[2026-07-13T14:39:14.152333+00:00] saved https://2424.mg/droit-le-conjoint-au-huitieme-rang-de-la-succession/
[2026-07-13T14:39:18.789200+00:00] saved https://2424.mg/beaute-la-cosmetique-vita-malagasy-privilegie-le-naturel-a-petit-prix/
[2026-07-13T14:39:31.519428+00:00] saved https://2424.mg/conseil-detat-laudience-concernant-la-contestation-du-decret-de-convocation-des-electeurs-renvoyee-mercredi/
[2026-07-13T14:39:42.816005+00:00] saved https://2424.mg/sports-lequipe-malgache-perd-la-finale-des-masters-de-petanque-a-istres/
[2026-07-13T14:39:48.636502+00:00] saved https://2424.mg/jeux-et-paris-argent-plaisir-passion-et-hasard-en-salles/
[2026-07-13T14:40:01.097664+00:00] saved https://2424.mg/imbroglio-juridico-politique-la-hcc-se-dit-seule-competente-pour-trancher-sur-le-decret-de-convocation-des-electeurs/
[2026-07-13T14:40:11.425056+00:00] saved https://2424.mg/quand-les-dahalo-enlevent-le-travail-du-gardien-de-zebus/
[2026-07-13T14:40:30.915836+00:00] saved https://2424.mg/periode-electorale-la-gendarmerie-lance-une-operation-de-securisation/
[2026-07-13T14:40:45.393283+00:00] saved https://2424.mg/intervention-didier-ratsiraka/
[2026-07-13T14:40:55.476734+00:00] saved https://2424.mg/lavenir-des-jeunes-diplomes-a-madagascar-entre-reve-et-realite/
[2026-07-13T14:41:00.122218+00:00] saved https://2424.mg/document-de-voyage-la-delivrance-de-passeport-toujours-en-attente/
[2026-07-13T14:41:16.098203+00:00] saved https://2424.mg/ambiance-electorale-des-voix-discordantes-autour-de-la-presidentielle/
[2026-07-13T14:41:29.424014+00:00] saved https://2424.mg/administration-reprise-effective-de-la-confection-de-la-carte-didentite-nationale/
[2026-07-13T14:41:34.063924+00:00] saved https://2424.mg/foire-internationale-de-lagriculture-2018/
[2026-07-13T14:41:46.249085+00:00] saved https://2424.mg/la-politique-et-la-meteo-restent-imprevisibles-a-antananarivo-en-ce-debut-septembre/
[2026-07-13T14:41:50.739271+00:00] saved https://2424.mg/artisanat-le-cuir-malgache-a-la-conquete-des-consommateurs-locaux/
[2026-07-13T14:41:55.121314+00:00] saved https://2424.mg/matina-razafimahefa-ceo-de-sayna-ambassadrice-de-marque-de-2424-mg/
[2026-07-13T14:41:59.622778+00:00] saved https://2424.mg/election-demission-du-president-de-la-republique-hery-rajaonarimampianina/
[2026-07-13T14:42:04.029994+00:00] saved https://2424.mg/energie-du-manioc-en-combustible/
[2026-07-13T14:42:15.064081+00:00] saved https://2424.mg/antananarivo-incendie-a-la-cite-dambohipo-dans-la-nuit-du-09-septembre/
[2026-07-13T14:42:26.717594+00:00] saved https://2424.mg/madagascar-certainement-un-record-mondial-de-la-pose-de-la-premiere-pierre/
[2026-07-13T14:42:36.587088+00:00] saved https://2424.mg/drame-a-mahamasina-quand-la-passion-du-foot-tue-par-accident/
[2026-07-13T14:42:53.185942+00:00] saved https://2424.mg/breve-la-requete-de-tabera-randriamanantsoa-au-conseil-detat-rejetee/
[2026-07-13T14:43:06.909658+00:00] saved https://2424.mg/insecurite-generalisee-kidnapping-braquages-etc-dou-viennent-les-armes/
[2026-07-13T14:43:19.130688+00:00] saved https://2424.mg/reseaux-sociaux-fortnite-pubg-mobile-les-nouveaux-jeux-sur-smartphone-qui-rendent-fous-les-joueurs-malgaches/
[2026-07-13T14:43:22.860813+00:00] saved https://2424.mg/entre-discours-et-realite-sur-lindependance-de-madagascar/
[2026-07-13T14:43:26.577077+00:00] saved https://2424.mg/bien-etre-le-miel-une-douceur-aux-milles-vertus/
[2026-07-13T14:43:39.868112+00:00] saved https://2424.mg/la-meteo-en-ce-mois-de-septembre/
[2026-07-13T14:43:51.856482+00:00] saved https://2424.mg/interim-a-la-presidence-rivo-rakotovao-met-la-presidentielle-au-centre-de-ses-preoccupations/
[2026-07-13T14:44:02.891392+00:00] saved https://2424.mg/mino-andriamijoro-organisateur-de-startup-dating-ambassadeur-de-marque-de-2424-mg/
[2026-07-13T14:44:17.531324+00:00] saved https://2424.mg/le-vieillissement-du-parc-automobile-a-madagascar-un-vrai-probleme-de-securite/
[2026-07-13T14:44:27.491757+00:00] saved https://2424.mg/ouverture-de-la-foire-internationale-de-lagriculture/
[2026-07-13T14:44:32.468262+00:00] saved https://2424.mg/interview-danil-ismael-pdg-agrivet-agrifarm-agrival-groupe-smtp/
[2026-07-13T14:44:36.075204+00:00] saved https://2424.mg/developpement-rural-une-foire-internationale-pour-des-rencontres-productives/
[2026-07-13T14:44:39.747506+00:00] saved https://2424.mg/fampandrosoana-tontolo-ambanivohitra-miantso-fiaraha-mihentana-rivo-rakotovao/
[2026-07-13T14:44:50.261631+00:00] saved https://2424.mg/presidentielle-la-societe-civile-deploie-plus-de-6000-observateurs-electoraux/
[2026-07-13T14:44:54.025871+00:00] saved https://2424.mg/reportage-foire-internationale-de-lagriculture/
[2026-07-13T14:45:04.165411+00:00] saved https://2424.mg/accident-sur-ankorondrano-14-09-2018/
[2026-07-13T14:45:17.504421+00:00] saved https://2424.mg/universite-dantananarivo-le-departement-de-droit-se-mue-en-faculte/
[2026-07-13T14:45:29.049415+00:00] saved https://2424.mg/sport-a-la-decouverte-des-regles-de-la-petanque/
[2026-07-13T14:45:41.056329+00:00] saved https://2424.mg/animaux-de-compagnie-choisir-entre-chiens-et-chats/
[2026-07-13T14:45:45.576994+00:00] saved https://2424.mg/reportage-foire-internationale-de-lagriculture-2/
[2026-07-13T14:45:49.655428+00:00] saved https://2424.mg/reportage-foire-internationale-de-lagriculture-3/
[2026-07-13T14:46:02.848939+00:00] saved https://2424.mg/we-have-a-dream-united-malagasy/
[2026-07-13T14:46:14.396260+00:00] saved https://2424.mg/financement-des-elections/
[2026-07-13T14:46:24.629121+00:00] saved https://2424.mg/1ere-journee-baccalaureat-reportage/
[2026-07-13T14:46:30.354095+00:00] saved https://2424.mg/examen-le-bac-debute-dans-le-calme/
[2026-07-13T14:46:36.821498+00:00] saved https://2424.mg/sante-la-peste-fait-deux-morts/
[2026-07-13T14:46:43.051233+00:00] saved https://2424.mg/environnement-le-bambou-une-alternative-credible-au-charbon-de-bois/
[2026-07-13T14:46:54.955437+00:00] saved https://2424.mg/jeux-de-mains/
[2026-07-13T14:47:06.581096+00:00] saved https://2424.mg/accident-ankorondrano-cortege-premier-ministre/
[2026-07-13T14:47:19.776757+00:00] saved https://2424.mg/musique-amour-paix-et-tradition-avec-jimmy-bzaoto/
[2026-07-13T14:47:24.364478+00:00] saved https://2424.mg/le-bambou-un-potentiel-eleve-pour-madagascar/
[2026-07-13T14:47:35.977329+00:00] saved https://2424.mg/developpement-des-entrepreneures-au-service-de-la-jeunesse/
[2026-07-13T14:47:46.157241+00:00] saved https://2424.mg/examen-officiel-legere-hausse-du-taux-de-reussite-au-bepc-a-antananarivo/
[2026-07-13T14:47:59.057232+00:00] saved https://2424.mg/mega-pesta/
[2026-07-13T14:48:12.905997+00:00] saved https://2424.mg/startup-dating-seeds-learnshare/
[2026-07-13T14:48:16.856909+00:00] saved https://2424.mg/economie-les-industries-culturelles-a-la-recherche-de-leur-voie/
[2026-07-13T14:48:20.755107+00:00] saved https://2424.mg/facture-la-jirama-programme-une-hausse-du-prix-de-leau/
[2026-07-13T14:48:24.758620+00:00] saved https://2424.mg/sante-le-gouvernement-souligne-labsence-depidemie-de-peste/
[2026-07-13T14:48:36.147254+00:00] saved https://2424.mg/peste-point-de-situation/
[2026-07-13T14:48:47.251929+00:00] saved https://2424.mg/fanadinana-mipetraka-ny-naoty-fanintsanana-aminny-bakalorea/
[2026-07-13T14:49:02.696299+00:00] saved https://2424.mg/bien-etre-preparer-son-corps-pour-lete/
[2026-07-13T14:49:18.262975+00:00] saved https://2424.mg/la-presidence-en-danse/
[2026-07-13T14:49:23.730001+00:00] saved https://2424.mg/lindustrie-culturelle-a-madagascar/
[2026-07-13T14:49:30.030765+00:00] saved https://2424.mg/tekateka-huitres-antananarivo/
[2026-07-13T14:49:49.322468+00:00] saved https://2424.mg/electrification-rurale-quand-energie-rime-avec-mamie/
[2026-07-13T14:50:02.130710+00:00] saved https://2424.mg/transparency-international-initiative-madagascar/
[2026-07-13T14:50:15.779098+00:00] saved https://2424.mg/haify-mampihavana-21-22-23-septembre/
[2026-07-13T14:50:29.990056+00:00] saved https://2424.mg/lutte-contre-la-corruption-un-guide-sur-la-propriete-fonciere-edite/
[2026-07-13T14:50:41.004520+00:00] saved https://2424.mg/cravate-et-valise-le-duo-inseparable-des-elections/
[2026-07-13T14:50:52.538177+00:00] saved https://2424.mg/startup-dating-marijy/
[2026-07-13T14:51:04.820076+00:00] saved https://2424.mg/opacite-electorale/
[2026-07-13T14:51:09.368445+00:00] saved https://2424.mg/mode-une-diversite-de-talents-au-madagascar-fashion-week/
[2026-07-13T14:51:14.267540+00:00] saved https://2424.mg/hygiene-une-operation-coup-de-poing-pour-ramasser-les-ordures-de-la-capitale/
[2026-07-13T14:51:27.446867+00:00] saved https://2424.mg/doro-tanety/
[2026-07-13T14:51:34.839811+00:00] saved https://2424.mg/atsaharo-ny-doro-tanety/
[2026-07-13T14:51:47.940317+00:00] saved https://2424.mg/toamasina-lincendie-de-tanambao-a-fait-679-sinistres/
[2026-07-13T14:51:53.195208+00:00] saved https://2424.mg/jeunesse-lalcool-comme-moyen-de-socialisation/
[2026-07-13T14:52:05.704779+00:00] saved https://2424.mg/stephan-le-specialiste-radiateur/
[2026-07-13T14:52:20.726786+00:00] saved https://2424.mg/assainissement-marche-anosibe/
[2026-07-13T14:52:26.156356+00:00] saved https://2424.mg/urgence-financiere-pour-les-patients-a-lhopital/
[2026-07-13T14:52:33.033768+00:00] saved https://2424.mg/documentaire-fahavalo-fait-decouvrir-linsurrection-de-1947/
[2026-07-13T14:52:39.018181+00:00] saved https://2424.mg/sante-le-moringa-un-superaliment/
[2026-07-13T14:52:43.015524+00:00] saved https://2424.mg/gendarmerie-huit-fonctionnaires-epingles-dans-des-vols-de-zebus/
[2026-07-13T14:52:54.503220+00:00] saved https://2424.mg/salon-ny-zaridainako/
[2026-07-13T14:52:59.807025+00:00] saved https://2424.mg/feioi-2018-conference-sur-le-e-commerce-a-madagascar/
[2026-07-13T14:53:04.623307+00:00] saved https://2424.mg/matiere-premiere-le-bambou-un-marche-international-a-explorer/
[2026-07-13T14:53:09.248629+00:00] saved https://2424.mg/transactions-le-commerce-encore-balbutiant/
[2026-07-13T14:53:14.764248+00:00] saved https://2424.mg/conference-de-presse-sefafi/
[2026-07-13T14:53:25.155165+00:00] saved https://2424.mg/cest-vrai-on-a-les-moyens/
[2026-07-13T14:53:31.496586+00:00] saved https://2424.mg/sante-la-depenalisation-de-lavortement-en-question/
[2026-07-13T14:53:44.000798+00:00] saved https://2424.mg/ressources-forestieres-la-commercialisation-des-stocks-de-bois-de-rose-nest-pas-dans-limmediat/
[2026-07-13T14:53:57.911906+00:00] saved https://2424.mg/iles-eparses/
[2026-07-13T14:54:02.891680+00:00] saved https://2424.mg/interview-esti/
[2026-07-13T14:54:07.694220+00:00] saved https://2424.mg/2eme-promotion-sayna/
[2026-07-13T14:54:21.188723+00:00] saved https://2424.mg/lanto-ratsida-les-jeunes-manquent-de-vision/
[2026-07-13T14:54:28.839101+00:00] saved https://2424.mg/dr-firoze-koytcha-un-medecin-au-grand-coeur/
[2026-07-13T14:54:34.119247+00:00] saved https://2424.mg/sante-medecins-de-locean-indien-au-chevet-de-9-000-patients-a-mananjary/
[2026-07-13T14:54:38.231580+00:00] saved https://2424.mg/ressources-halieutiques-levee-de-boucliers-contre-un-accord-de-peche-avec-la-chine/
[2026-07-13T14:54:52.188873+00:00] saved https://2424.mg/mendicite-les-enfants-en-premiere-ligne/
[2026-07-13T14:55:01.697234+00:00] saved https://2424.mg/lanto-ratsida-president-de-lobservatoire-de-la-jeunesse-et-sociologue/
[2026-07-13T14:55:11.157824+00:00] saved https://2424.mg/assainissement-dans-la-capitale-le-probleme-de-collecte-dordures-menageres-persiste/
[2026-07-13T14:55:20.073949+00:00] saved https://2424.mg/150eme-anniversaire-de-mahatma-gandhi/
[2026-07-13T14:55:23.359060+00:00] saved https://2424.mg/reaction-de-la-presidence-sur-la-contrat-de-peche-avec-la-chine/
[2026-07-13T14:55:26.719032+00:00] saved https://2424.mg/jubile-les-150-ans-du-mahatma-gandhi-commemores/
[2026-07-13T14:55:37.534647+00:00] saved https://2424.mg/presidentielle-lambassadeur-allemand-invite-les-candidats-a-accepter-les-resultats-des-urnes/
[2026-07-13T14:55:48.196162+00:00] saved https://2424.mg/scrutin-la-majorite-des-candidats-hesitent-a-signer-la-charte-de-bonne-conduite/
[2026-07-13T14:55:55.094449+00:00] saved https://2424.mg/economie-bleue-la-presidence-sexplique-sur-laccord-avec-la-chine-sur-les-ressources-halieutiques/
[2026-07-13T14:56:00.279161+00:00] saved https://2424.mg/faux-depart-un-constat-sans-appel-et-sans-sanction/
[2026-07-13T14:56:11.548812+00:00] saved https://2424.mg/conference-la-non-maitrise-du-circuit-dacquisition-darmes-accroit-linsecurite/
[2026-07-13T14:56:22.616011+00:00] saved https://2424.mg/football-eliminatoire-can-2019-un-match-decisif-dans-des-conditions-peu-reluisantes-pour-les-barea-a-vontovorona/
[2026-07-13T14:56:34.097174+00:00] saved https://2424.mg/tamboho-suites/
[2026-07-13T14:56:37.763044+00:00] saved https://2424.mg/portrait-richard-rasolofomana-fabricant-de-pave/
[2026-07-13T14:56:41.365100+00:00] saved https://2424.mg/mensonge-ou-verite/
[2026-07-13T14:56:52.448041+00:00] saved https://2424.mg/huit-cas-confirmes-de-peste-a-madagascar/
[2026-07-13T14:56:57.165156+00:00] saved https://2424.mg/festival-mondial-des-lemuriens/
[2026-07-13T14:57:01.373490+00:00] saved https://2424.mg/lalaina-danielle-de-blessday-une-societe-organisatrice-devenementiels/
[2026-07-13T14:57:15.246575+00:00] saved https://2424.mg/mauvaise-gouvernance-une-centaine-de-milliards-dariary-de-deniers-publics-disparus-en-dix-ans/
[2026-07-13T14:57:27.787408+00:00] saved https://2424.mg/permis-de-rire/
[2026-07-13T14:57:38.270636+00:00] saved https://2424.mg/consequences-probables-sur-la-legalisation-des-stocks-de-bois-de-rose/
[2026-07-13T14:57:49.338131+00:00] saved https://2424.mg/energie-une-centrale-hybride-photovoltaique-et-thermique-pour-maevatanana/
[2026-07-13T14:57:53.259632+00:00] saved https://2424.mg/la-centrale-hybride-de-first-energy-a-maevatanana/
[2026-07-13T14:57:57.456540+00:00] saved https://2424.mg/election-presidentielle-premiere-journee-de-campagne-dans-le-calme-a-antananarivo/
[2026-07-13T14:58:10.600629+00:00] saved https://2424.mg/football-can-un-vol-direct-guinee-equatoriale-madagascar-pour-les-barea/
[2026-07-13T14:58:23.886172+00:00] saved https://2424.mg/madagascar-pays-du-mora-mora/
[2026-07-13T14:58:28.080073+00:00] saved https://2424.mg/maevatanana-capitale-de-lor/
[2026-07-13T14:58:39.672816+00:00] saved https://2424.mg/meteorologie-debut-de-la-saison-des-pluies-a-madagascar/
[2026-07-13T14:58:44.018156+00:00] saved https://2424.mg/cinema-fahavalo-emeut-le-public-malgache/
[2026-07-13T14:58:49.226447+00:00] saved https://2424.mg/startup-dating-ivenco/
[2026-07-13T14:59:00.660881+00:00] saved https://2424.mg/bien-etre-se-parfumer-en-toute-legerete-en-ete/
[2026-07-13T14:59:11.948650+00:00] saved https://2424.mg/craam-focus-sur-les-metiers-de-lindustrie-culturelle/
[2026-07-13T14:59:22.982972+00:00] saved https://2424.mg/jmj-a-mahajanga-un-pelerinage-pour-unir-les-jeunes-catholiques/
[2026-07-13T14:59:32.079226+00:00] saved https://2424.mg/propagande-retour-sur-investissement/
[2026-07-13T14:59:44.973898+00:00] saved https://2424.mg/greffe-de-coeur/
[2026-07-13T14:59:49.327441+00:00] saved https://2424.mg/largent-sans-odeur-ni-couleur/
[2026-07-13T15:00:03.393860+00:00] saved https://2424.mg/exposition-internationale-joel-andrianomearisoa-a-la-biennale-de-venise/
[2026-07-13T15:00:08.244112+00:00] saved https://2424.mg/reseaux-sociaux-les-challenges-ou-quand-on-veut-exister-dans-les-yeux-des-autres/
[2026-07-13T15:00:19.328663+00:00] saved https://2424.mg/culture-2eme-edition-du-salon-de-la-rentree-litteraire-et-scolaire/
[2026-07-13T15:00:31.855921+00:00] saved https://2424.mg/salon-international-de-lhabitat/
[2026-07-13T15:00:38.131975+00:00] saved https://2424.mg/smtp-europaints-presentes-sur-le-salon-international-de-lhabitat/
[2026-07-13T15:00:52.223556+00:00] saved https://2424.mg/litterature-des-poetes-et-des-poesies-au-salon-du-livre/
[2026-07-13T15:01:05.374264+00:00] saved https://2424.mg/realite-et-promesses-electorales/
[2026-07-13T15:01:17.949655+00:00] saved https://2424.mg/sante-bien-etre-et-beaute-avec-le-bissap/
[2026-07-13T15:01:22.020457+00:00] saved https://2424.mg/collection-tsara-artisanat-contemporain-de-madagascar/
[2026-07-13T15:01:33.551504+00:00] saved https://2424.mg/election-neutralite-du-gouvernement/
[2026-07-13T15:01:44.164545+00:00] saved https://2424.mg/requete-de-plusieurs-candidats-au-niveau-de-la-hcc/
[2026-07-13T15:01:48.459949+00:00] saved https://2424.mg/evenement-des-conseils-de-professionnels-au-salon-international-de-lhabitat/
[2026-07-13T15:01:59.556055+00:00] saved https://2424.mg/dolaj-poete/
[2026-07-13T15:02:04.573840+00:00] saved https://2424.mg/gasy-rug-des-oeuvres-dart/
[2026-07-13T15:02:09.731564+00:00] saved https://2424.mg/parasy-politika/
[2026-07-13T15:02:14.650179+00:00] saved https://2424.mg/monde-du-travail-capitaliser-chaque-experience-pour-etoffer-son-cv/
[2026-07-13T15:02:26.157275+00:00] saved https://2424.mg/venise-kely/
[2026-07-13T15:02:39.629644+00:00] saved https://2424.mg/60eme-anniversaire-de-la-republique/
[2026-07-13T15:03:01.027677+00:00] saved https://2424.mg/interview-micro-trottoir-elections-2018-episode-3/
[2026-07-13T15:03:12.570863+00:00] saved https://2424.mg/presidentielle-de-novembre-2018-mobilisation-pour-impliquer-les-jeunes-dans-le-processus-electoral/
[2026-07-13T15:03:23.217870+00:00] saved https://2424.mg/informatique-des-jeunes-de-13-a-18-ans-inities-a-la-programmation/
[2026-07-13T15:03:32.186434+00:00] saved https://2424.mg/accident-de-la-circulation-cent-trente-six-morts-sur-les-routes-depuis-janvier/
[2026-07-13T15:03:46.612154+00:00] saved https://2424.mg/darwin-les-politiciens-malgaches/
[2026-07-13T15:10:17.131571+00:00] run started, 192 already seen, target 0 new
[2026-07-13T15:10:27.441418+00:00] saved https://2424.mg/video-surveillance-kidnapping-sabir-molou/
[2026-07-13T15:10:34.227370+00:00] saved https://2424.mg/destruction-darmes-mois-de-lamnistie/
[2026-07-13T15:10:45.931161+00:00] saved https://2424.mg/mois-de-lamnistie-pres-dun-millier-darmes-illicites-detruites/
[2026-07-13T15:10:50.562841+00:00] saved https://2424.mg/catastrophes-naturelles-les-besoins-face-aux-urgences-en-baisse/
[2026-07-13T15:11:02.339487+00:00] saved https://2424.mg/60eme-anniversaire-de-la-republique-micro-trottoir/
[2026-07-13T15:11:15.385342+00:00] saved https://2424.mg/business-is-business/
[2026-07-13T15:11:19.673687+00:00] saved https://2424.mg/marche-citoyenne-congres-national-des-jeunes-engages-dans-le-processus-electoral/
[2026-07-13T15:11:31.474011+00:00] saved https://2424.mg/congres-national-des-jeunes-engages-dans-le-processus-electoral-rencontres/
[2026-07-13T15:11:46.325096+00:00] saved https://2424.mg/yes-we-can-coupe-dafrique-des-nations-madagascar-arrive/
[2026-07-13T15:11:58.534068+00:00] saved https://2424.mg/election-presidentielle-trois-debats-pour-treize-candidats/
[2026-07-13T15:12:10.456356+00:00] saved https://2424.mg/beaute-prendre-soin-de-ses-cheveux-en-ete/
[2026-07-13T15:12:15.524861+00:00] saved https://2424.mg/protection-de-lenvironnement-atelier-droit-de-lenvironnement/
[2026-07-13T15:12:32.353105+00:00] saved https://2424.mg/examen-officiel-le-taux-de-reussite-au-baccalaureat-en-hausse-pour-antananarivo/
[2026-07-13T15:12:44.746071+00:00] saved https://2424.mg/madagascar-la-republique-des-miseres/
[2026-07-13T15:12:59.763425+00:00] saved https://2424.mg/baccalaureat-2018-joie-deception-et-pleurs/
[2026-07-13T15:13:10.945886+00:00] saved https://2424.mg/maevatanana-des-kidnappeurs-reclament-50-millions-dariary/
[2026-07-13T15:13:23.058276+00:00] saved https://2424.mg/baccalaureat-2018-rencontre-avec-des-bacheliers/
[2026-07-13T15:13:36.292971+00:00] saved https://2424.mg/1558-2/
[2026-07-13T15:13:40.613962+00:00] saved https://2424.mg/presidentielle-des-candidats-reclament-un-report-de-lelection/
[2026-07-13T15:13:52.668838+00:00] saved https://2424.mg/examen-officiel-resultats-mitiges-au-baccalaureat/
[2026-07-13T15:14:02.715070+00:00] saved https://2424.mg/kidnapping-tous-egaux/
[2026-07-13T15:14:15.280038+00:00] saved https://2424.mg/pets-day-by-agrivet/
[2026-07-13T15:14:26.934846+00:00] saved https://2424.mg/startup-dating-boissa/
[2026-07-13T15:14:37.981573+00:00] saved https://2424.mg/mission-des-observateurs-electoraux-de-lunion-europeenne/
[2026-07-13T15:15:16.796130+00:00] saved https://2424.mg/destruction-des-forets-510-000-hectares-en-2017/
[2026-07-13T15:15:31.261142+00:00] saved https://2424.mg/environnement-appel-a-la-repression-de-la-deforestation/
[2026-07-13T15:15:47.582747+00:00] saved https://2424.mg/mission-dobservation-electorale-de-lunion-europeenne-a-madagascar/
[2026-07-13T15:15:56.677015+00:00] saved https://2424.mg/travaux-tsarasaotra-ivato/
[2026-07-13T15:16:16.014519+00:00] saved https://2424.mg/enseignement-superieur-un-salon-pour-orienter-les-etudiants-a-luniversite/
[2026-07-13T15:16:26.564340+00:00] saved https://2424.mg/divorcer-non-impossible/
[2026-07-13T15:16:30.535318+00:00] saved https://2424.mg/choiseul-100-africa/
[2026-07-13T15:16:40.166341+00:00] saved https://2424.mg/cybersecurite-et-protection-des-donnees/
[2026-07-13T15:16:50.744387+00:00] saved https://2424.mg/conference-debat-les-pratiques-electorales-a-madagascar/
[2026-07-13T15:16:55.216908+00:00] saved https://2424.mg/pratiques-politiques-election-a-madagascar-tout-nest-pas-noir-il-y-a-de-lespoir/
[2026-07-13T15:17:03.180382+00:00] saved https://2424.mg/interview-micro-trottoir-elections-2018-episode-4/
[2026-07-13T15:17:13.983654+00:00] saved https://2424.mg/environnement-des-experts-etrangers-au-secours-de-mangroves-de-la-tsiribihina/
[2026-07-13T15:17:25.225696+00:00] saved https://2424.mg/leducation-que-lon-donne-a-nos-enfants-est-le-reflet-de-notre-volonte-politique/
[2026-07-13T15:17:36.908214+00:00] saved https://2424.mg/startup-dating-limis-art/
[2026-07-13T15:17:47.833816+00:00] saved https://2424.mg/salon-de-letudiant/
[2026-07-13T15:21:43.501197+00:00] run started, 231 already seen, target 0 new
[2026-07-13T15:21:51.565111+00:00] saved https://2424.mg/histoire-economique-de-madagascar/
[2026-07-13T18:23:49.770074+00:00] run started, 232 already seen, target 0 new
[2026-07-13T18:25:11.813370+00:00] saved https://2424.mg/transport-public-les-usagers-encourages-a-porter-plainte-contre-les-transporteurs-indelicats/
[2026-07-13T18:26:12.060471+00:00] saved https://2424.mg/mine-de-rien/
[2026-07-13T18:26:19.084032+00:00] saved https://2424.mg/incubons/
[2026-07-13T18:26:23.131840+00:00] saved https://2424.mg/gouvernance-et-economie/
[2026-07-13T18:26:31.826383+00:00] saved https://2424.mg/ceni-des-eclaircissement-apportes/
[2026-07-13T18:26:42.119499+00:00] saved https://2424.mg/formation-en-ligne-pour-la-mention-malagasy/
[2026-07-13T18:26:50.736919+00:00] saved https://2424.mg/un-peu-fantasia-dans-la-propagande/
[2026-07-13T18:27:01.569033+00:00] saved https://2424.mg/election-requetes-des-candidats-de-la-conference-souveraine/
[2026-07-13T18:28:23.501186+00:00] error fetching https://2424.mg/art-urbain/: Failed to perform, curl: (35) Recv failure: Connection reset by peer. See https://curl.se/libcurl/c/libcurl-errors.html first for more details.
[2026-07-13T18:29:55.521942+00:00] error fetching https://2424.mg/raparivo-le-genie-de-la-peinture-malagasy/: Failed to perform, curl: (28) Operation timed out after 30002 milliseconds with 248825 bytes received. See https://curl.se/libcurl/c/libcurl-errors.html first for more details.
[2026-07-13T18:30:47.045822+00:00] saved https://2424.mg/roland-raparivo-soixante-ans-de-passion-au-bout-du-pinceau/
[2026-07-13T18:31:05.182224+00:00] saved https://2424.mg/gouvernance-banalisation-de-la-corruption-a-madagascar/
[2026-07-13T18:31:18.872844+00:00] saved https://2424.mg/allee-des-baobabs-2030/
[2026-07-13T18:31:24.976893+00:00] saved https://2424.mg/en2roues-lapplication-qui-revolutionne-la-livraison-a-antananarivo/
[2026-07-13T18:31:29.324935+00:00] saved https://2424.mg/foire-internationale-des-gemmes-et-bijoux-de-madagascar/
[2026-07-13T18:31:34.531318+00:00] saved https://2424.mg/violence-conjugale/
[2026-07-13T18:31:40.557921+00:00] saved https://2424.mg/ivana/
[2026-07-13T18:31:46.168169+00:00] saved https://2424.mg/le-filanjana-au-musee-de-la-photo/
[2026-07-13T18:31:59.469811+00:00] saved https://2424.mg/braquage-electoral/
[2026-07-13T18:32:05.870062+00:00] saved https://2424.mg/institut-halieutique-des-sciences-marines-vingt-cinq-ans-au-service-de-la-vie-sous-marine-malgache/
[2026-07-13T18:32:16.414966+00:00] saved https://2424.mg/reouverture-de-la-liste-electorale/
[2026-07-13T18:32:27.470598+00:00] saved https://2424.mg/exposition-les-tirailleurs-senegalais/
[2026-07-13T18:32:41.077567+00:00] saved https://2424.mg/mensonge-bancaire/
[2026-07-13T18:32:50.258828+00:00] saved https://2424.mg/extension-de-lhopital-des-enfants-a-tsaralalana/
[2026-07-13T18:33:01.337128+00:00] saved https://2424.mg/mission-dobservation-de-lunion-europeenne-position-face-aux-demande-de-report-de-lelection/
[2026-07-13T18:33:08.230823+00:00] saved https://2424.mg/mission-dobservation-de-lunion-europeenne-action-post-electorale/
[2026-07-13T18:33:24.755303+00:00] saved https://2424.mg/suivi-des-plaintes-recues-par-la-ceni/
[2026-07-13T18:33:41.691521+00:00] saved https://2424.mg/financement-de-lelection-presidentielle-par-lallemagne/
[2026-07-13T18:35:01.606963+00:00] error fetching https://2424.mg/la-consommation-de-mais-en-hausse/: Failed to perform, curl: (28) Connection timed out after 30001 milliseconds. See https://curl.se/libcurl/c/libcurl-errors.html first for more details.
[2026-07-13T18:36:33.201452+00:00] error fetching https://2424.mg/ikolo-avec-incubons/: Failed to perform, curl: (35) Recv failure: Connection reset by peer. See https://curl.se/libcurl/c/libcurl-errors.html first for more details.
[2026-07-13T18:36:59.880867+00:00] saved https://2424.mg/ceni-point-de-situation-au-31-octobre/
[2026-07-13T18:37:25.705760+00:00] saved https://2424.mg/portrait-ramily/
[2026-07-13T18:38:07.990167+00:00] saved https://2424.mg/jacaranda/
[2026-07-13T18:38:33.973375+00:00] saved https://2424.mg/fin-de-concert/
[2026-07-13T18:38:43.605574+00:00] saved https://2424.mg/visite-du-conseiller-special-du-sg-de-lonu-adboulaye-bathily/
[2026-07-13T18:39:03.619405+00:00] saved https://2424.mg/visite-de-philippe-courard-de-loif-aupres-de-la-presidence/
[2026-07-13T18:39:42.948259+00:00] saved https://2424.mg/cloture-de-la-5eme-edition-du-festival-dart-urbain/
[2026-07-13T18:40:20.385851+00:00] saved https://2424.mg/securisation-des-elections/
[2026-07-13T18:40:41.796274+00:00] saved https://2424.mg/bourses-detudes-en-inde/
[2026-07-13T18:41:09.677960+00:00] saved https://2424.mg/allons-voter/
[2026-07-13T18:48:53.301820+00:00] run started, 268 already seen, target 0 new
[2026-07-13T18:49:12.601260+00:00] stopped: error during discovery: <urlopen error _ssl.c:1015: The handshake operation timed out>
