[2026-07-13T12:50:24.722675+00:00] run started, 0 already seen, target 10 new
[2026-07-13T12:50:28.717551+00:00] saved https://www.freenews.mg/fampiroboroboana-ny-tsipikanetibe-fanamby-ny-hametrahana-kianja-manaraka-ny-fenitra-iraisam-pirenena/
[2026-07-13T12:50:30.015101+00:00] saved https://www.freenews.mg/orange-kilonga-mkanety-be-u17-nobatainny-ekipan-i-betafo-ny-amboaranny-andiany-faha-5/
[2026-07-13T12:50:31.313053+00:00] saved https://www.freenews.mg/volleyball-d2-sy-u20-nandrombaka-ny-amboara-ny-gnvb-vehivavy-cosfa-bias-sy-ny-asi/
[2026-07-13T12:50:32.829456+00:00] saved https://www.freenews.mg/vaovao-diso-naely-momba-azy-handray-fepetra-ny-orinasa-mvola/
[2026-07-13T12:50:33.978493+00:00] saved https://www.freenews.mg/labiera-vokarina-eto-an-toerana-niakatra-avo-telo-heny-tao-anatinny-5-taona-ny-hetra-alaina/
[2026-07-13T12:50:35.238482+00:00] saved https://www.freenews.mg/sehatry-ny-asa-hamoraina-ny-famoronanasa-ho-anny-tanora/
[2026-07-13T12:50:36.520662+00:00] saved https://www.freenews.mg/olanny-tsy-fahampian-drano-vahaolana-stratejika-ny-tontolo-iainana/
[2026-07-13T12:50:37.857291+00:00] saved https://www.freenews.mg/fanabeazana-manana-tombony-kokoa-ireo-mpianatra-nandalo-garabola/
[2026-07-13T12:50:38.891455+00:00] saved https://www.freenews.mg/ady-aminny-fanolanana-sy-fanararaotana-ataonolom-pady-nanamafy-adisisika-ny-hetsika-ara-kolontsaina-natao/
[2026-07-13T12:50:40.498259+00:00] saved https://www.freenews.mg/orange-kilonga-mkanety-be-u17-fanatanjahantena-ho-anny-tanora-manerana-ani-madagasikara/
[2026-07-13T12:50:40.498686+00:00] stopped: limit reached (10 new articles)
[2026-07-13T14:02:45.965445+00:00] run started, 10 already seen, target 10 new
[2026-07-13T14:02:48.366705+00:00] saved https://www.freenews.mg/fampiroboroboana-ny-indostria-sadc-laharam-pahamehana-ny-fanavaozana-ny-famokarana-angovo/
[2026-07-13T14:02:49.650474+00:00] saved https://www.freenews.mg/fialan-tsasatra-lehibe-misafidy-fialam-boly-tsy-misintaka-ny-renivohitra-ireo-ray-aman-dreny/
[2026-07-13T14:02:50.811872+00:00] saved https://www.freenews.mg/fizahantany-2024-nampiditra-vola-vahiny-maherinny-780-tapitrisa-dolara/
[2026-07-13T14:02:51.869817+00:00] saved https://www.freenews.mg/varotra-asa-tanana-malagasy-nampiditra-32-tapitrisa-euros-taminny-taona-2024/
[2026-07-13T14:02:53.053334+00:00] saved https://www.freenews.mg/fiarovana-ireo-karazanjavamananaina-antoka-aminny-fahombiazanny-paikady-ny-fitsinjovana-ireo-vahoaka-eny-ifotony/
[2026-07-13T14:02:54.210083+00:00] saved https://www.freenews.mg/fiakaranny-tosi-dra-any-aminny-tanora-zava-dehibe-ny-fifehezana-ny-rarin-tsaina-sy-ny-tsy-fahampiana-torimaso/
[2026-07-13T14:02:55.370040+00:00] saved https://www.freenews.mg/raharaha-adi-tany-ao-betsakotsako-andapa-solombavambahoaka-manao-fanamparam-pahefana/
[2026-07-13T14:02:56.665325+00:00] saved https://www.freenews.mg/fifaninanana-fanajariana-ny-tanana-hifantoka-aminny-fahaiza-mitantana-ny-fako-ny-ankamaroanireo-fokontany/
[2026-07-13T14:02:57.771072+00:00] saved https://www.freenews.mg/fanabeazana-ara-pananahana-hamafisina-ny-fanentanana-eny-anivonny-sekoly/
[2026-07-13T14:02:58.992133+00:00] saved https://www.freenews.mg/mpitarika-dia-fibeazana-mila-mahafehy-fomban-tany-sy-manana-fifandraisana-maro/
[2026-07-13T14:02:58.992444+00:00] stopped: limit reached (10 new articles)
[2026-07-13T14:04:18.848873+00:00] run started, 20 already seen, target 10 new
[2026-07-13T14:04:21.913442+00:00] saved https://www.freenews.mg/aroloza-sy-fahasalamanny-mpiasa-mitana-anjara-toerana-lehibe-eny-anivonny-orinasa-ny-haitao-ara-kajy-mirindra/
[2026-07-13T14:04:23.284713+00:00] saved https://www.freenews.mg/fiangonana-katolika-manana-hatraminny-15-andro-hifidianana-papa-vaovao/
[2026-07-13T14:04:24.598902+00:00] saved https://www.freenews.mg/fako-eto-an-drenivohitra-mbola-ny-02-ihany-no-voahodina/
[2026-07-13T14:04:26.053734+00:00] saved https://www.freenews.mg/ankizinny-lalana-antoka-aminny-fiatrehana-ny-hoavy-ny-fananana-kopia/
[2026-07-13T14:04:27.548358+00:00] saved https://www.freenews.mg/fivoaranny-fizahantany-anatiny-nitombo-20-ny-antontanisanireo-mpitsidika-tato-anatinny-3-taona/
[2026-07-13T14:04:28.595647+00:00] saved https://www.freenews.mg/herisetra-sy-fanolanana-sakana-tsy-hahasahiana-mitory-ny-henatra-sy-latsanny-fiarahamonina/
[2026-07-13T14:04:29.762670+00:00] saved https://www.freenews.mg/fitombonny-famokarana-fako-vahaolana-tsy-azo-ihodivirana-intsony-ny-famerenana-mampiasa-sy-ny-fanodinana/
[2026-07-13T14:04:30.820075+00:00] saved https://www.freenews.mg/fahasalamanny-nify-sy-ny-ativava-sakana-aminny-fampiroboroboana-azy-ny-fahalafosanny-fitaovana-enti-mitsabo/
[2026-07-13T14:04:31.969383+00:00] saved https://www.freenews.mg/camera-de-surveillance-manomboka-liana-aminny-fampiasana-azy-ny-olon-tsotra/
[2026-07-13T14:04:33.203946+00:00] saved https://www.freenews.mg/varotra-tsy-mahafantatra-ny-tena-zony-ny-ankamaroanny-mpanjifa/
[2026-07-13T14:04:33.204349+00:00] stopped: limit reached (10 new articles)
[2026-07-13T14:37:22.618043+00:00] run started, 30 already seen, target 0 new
[2026-07-13T14:37:25.471607+00:00] saved https://www.freenews.mg/faritra-arovana-eto-madagasikara-mihamafy-ny-tsindry-noho-ny-fisianireo-fitrandrahana-tsy-ara-dalana/
[2026-07-13T14:37:26.947935+00:00] saved https://www.freenews.mg/fanararaotana-mamoafady-ny-ankizy-endrika-mahazo-vahana-eto-madagasikara-ny-fihafarana-aminny-fampivarotan-tena-azy/
[2026-07-13T14:37:28.357622+00:00] saved https://www.freenews.mg/mahajanga-i-sy-marovoay-mavitrika-aminny-fanaovam-baksiny-ny-mponina/
[2026-07-13T14:37:29.610792+00:00] saved https://www.freenews.mg/kolikoly-sy-fanaovana-tsindry-mpiasanny-fahasalamana-manampatra-fahefana-sy-mibodo-tranonolona/
[2026-07-13T14:37:30.762203+00:00] saved https://www.freenews.mg/fahasalamana-voanny-androbe-ny-02-nny-mponina-eto-madagasikara/
[2026-07-13T14:37:31.979568+00:00] saved https://www.freenews.mg/firongatry-ny-fisolokiana-ao-aminny-fesiboky-lasibatra-ny-olona-marary-fianakaviana-manana-maty-sy-ireo-mpanjifa/
[2026-07-13T14:37:33.107892+00:00] saved https://www.freenews.mg/habokana-maherinny-1-000-isan-taona-ny-tranga-vaovao-eto-madagasikara/
[2026-07-13T14:37:34.258068+00:00] saved https://www.freenews.mg/intelligence-artificielle-ampiasainny-23-nny-mpianatry-ny-kolejy-any-aminny-tany-mandroso/
[2026-07-13T14:37:35.465449+00:00] saved https://www.freenews.mg/malagasy-01-no-manana-sokajin-dra-o-negatif/
[2026-07-13T14:37:36.599694+00:00] saved https://www.freenews.mg/fidirana-aminny-roavolana-fahatelo-misokatra-ny-fisoratana-anarana-aminireo-fanadinam-panjakana/
[2026-07-13T14:37:37.745123+00:00] saved https://www.freenews.mg/fizahantany-fandraharahana-fanondranana-2024-nahitam-bokatra-tsara-ny-ezaka-sy-paikady-nampiharina/
[2026-07-13T14:37:38.886176+00:00] saved https://www.freenews.mg/taona-2024-fandresena-ara-diplomatika-maro-azoni-madagasikara/
[2026-07-13T14:37:40.003465+00:00] saved https://www.freenews.mg/fifamoivoizana-mandritra-ny-fety-hamafisina-ireo-fepetra-fisorohana-ny-loza-sy-fanaraha-maso/
[2026-07-13T14:37:42.464619+00:00] saved https://www.freenews.mg/olona-mitondra-ny-vihsida-eto-madagasikara-manodidina-ny-1-aminny-3-ihany-no-nahavita-fitiliana/
[2026-07-13T14:37:43.717931+00:00] saved https://www.freenews.mg/fanabeazana-mampiaty-vitsy-ireo-sekoly-mandray-ankizy-hafakely/
[2026-07-13T14:37:45.054011+00:00] saved https://www.freenews.mg/mahajanga-sainte-marie-toliara-toerana-3-mahasarika-ireo-mpizahatany-anatiny-eto-madagasikara/
[2026-07-13T14:37:47.435403+00:00] saved https://www.freenews.mg/lozam-pifamoivoizana-an-dalambe-mamono-olona-135-tapitrisa-isan-taona/
[2026-07-13T14:37:48.825639+00:00] saved https://www.freenews.mg/diabeta-any-aminny-ankizy-manomboka-aminny-4-tapitrisa-ariary-isan-taona-ny-saram-pitsaboana/
[2026-07-13T14:37:50.116590+00:00] saved https://www.freenews.mg/toe-tena-diabetika-mahazo-ny-olona-maherinny-500-tapitrisa-maneran-tany/
[2026-07-13T14:37:51.967805+00:00] saved https://www.freenews.mg/faritry-ny-ranomasimbe-indianina-ahina-hisy-andro-ratsy-hiforona-aminny-faranny-herinandro-2/
[2026-07-13T14:37:53.233035+00:00] saved https://www.freenews.mg/zokiolona-mihoatra-ny-80-taona-hiakatra-25-ny-fisotroan-dronono-manomboka-aminny-desambra/
[2026-07-13T14:37:56.282458+00:00] saved https://www.freenews.mg/vokatra-sigara-havaozina-ireo-fampitandremana-ara-pahasalamana-aminny-fonosana/
[2026-07-13T14:37:58.673847+00:00] saved https://www.freenews.mg/aretinny-prostaty-voalohany-aminireo-homamiadana-mpahazo-ny-lehilahy-eto-madagasikara/
[2026-07-13T14:38:00.076952+00:00] saved https://www.freenews.mg/antananarivo-antsirabe-manomboka-ny-fanarenana-ny-lalam-pirenena-fahafito/
[2026-07-13T14:38:01.333299+00:00] saved https://www.freenews.mg/fiatrehana-ny-fahavaratra-mila-andraisana-fepetra-mialoha-ny-fisorohana-ny-loza-mety-hitranga/
[2026-07-13T14:38:02.825607+00:00] saved https://www.freenews.mg/olona-manana-olana-ara-pahitana-mitaky-fanamafisana-ny-fampiatiana-eny-aminny-fiarahamonina/
[2026-07-13T14:38:04.214909+00:00] saved https://www.freenews.mg/fitadiavana-asa-tsy-ampy-ny-fahafantaranny-tanora-ireo-sehatrasa-mahaliana-azy/
[2026-07-13T14:38:05.533250+00:00] saved https://www.freenews.mg/kodiarandroa-elektrikamanomboka-aminny-3-tapitrisa-ariary-ny-vidiny/
[2026-07-13T14:38:06.811989+00:00] saved https://www.freenews.mg/fandotoana-mahatonga-ny-22-nny-fahafatesana/
[2026-07-13T14:38:08.099159+00:00] saved https://www.freenews.mg/fanararaotana-mamoafady-aminny-aterineto-manodidina-ny-90-000-ireo-horonantsary-mamoafady-ahitana-ankizy-malagasy/
[2026-07-13T14:38:08.099915+00:00] stopped: no more new urls to discover
[2026-07-13T15:06:04.782625+00:00] run started, 60 already seen, target 3 new
[2026-07-13T15:06:06.576240+00:00] stopped: no more new urls to discover
[2026-07-13T15:10:17.244160+00:00] run started, 60 already seen, target 0 new
[2026-07-13T15:10:18.863629+00:00] stopped: no more new urls to discover
[2026-07-13T15:21:43.502189+00:00] run started, 60 already seen, target 0 new
[2026-07-13T15:21:44.889042+00:00] stopped: no more new urls to discover
[2026-07-13T18:23:49.717935+00:00] run started, 60 already seen, target 0 new
[2026-07-13T18:24:38.846416+00:00] saved https://www.freenews.mg/mitao-forecast-africa-nandrombaka-ny-amboaranny-poesam-nasionaly-2025/
[2026-07-13T18:24:49.905299+00:00] saved https://www.freenews.mg/fanabeazana-sy-fiahiana-ny-zaza-madinika-tsy-misy-afa-tsy-03-ny-tetibolanny-fanabeazam-pirenena/
[2026-07-13T18:24:57.834639+00:00] saved https://www.freenews.mg/cisco-atsimondrano-manamafy-ireo-fitakiana-ho-fanavaozana-ny-fanabeazana/
[2026-07-13T18:25:04.143497+00:00] saved https://www.freenews.mg/asa-fikarohana-tokony-hisy-fiantraikany-aminny-fampandrosoana-ny-firenena/
[2026-07-13T18:25:14.244962+00:00] saved https://www.freenews.mg/fahasalamanny-mpiasa-nametrahana-ostie-eny-foibenny-star-andranomahery/
[2026-07-13T18:25:30.054928+00:00] saved https://www.freenews.mg/tosika-fandraharahana-tanora-10-mianadahy-hisitraka-famatsiam-bola-151-736-000-ariary/
[2026-07-13T18:25:56.581546+00:00] saved https://www.freenews.mg/syndicat-autonome-des-inspecteurs-du-travail-mitaky-ny-hamoahana-ny-sata-manokana-mifehy-azy-ireo/
[2026-07-13T18:26:00.630785+00:00] saved https://www.freenews.mg/vehivavy-malagasy-mpitarika-miantso-ny-hisianny-fitoviana-eo-aminny-fandraisana-anjaranny-vehivavy/
[2026-07-13T18:26:03.202454+00:00] saved https://www.freenews.mg/vondronny-rano-sy-ny-ala-miainga-avy-eny-nanisana-ny-fibaikoana-mitsahatra-ny-fanomezana-fahazoan-dalana-rehetra/
[2026-07-13T18:26:05.061764+00:00] saved https://www.freenews.mg/minisitry-ny-filaminam-bahoaka-miasa-ny-polisy-hisorohana-ny-mety-ho-fandikan-dalana/
[2026-07-13T18:26:07.191334+00:00] saved https://www.freenews.mg/synad-mijoro-ho-hery-manolo-kevitra-hisianny-filaminana-sy-ny-fampandrosoana-ny-firenena/
[2026-07-13T18:26:09.076449+00:00] saved https://www.freenews.mg/mpitandro-filaminana-mihoa-pefy-hisy-fanadihadiana-ary-handraisana-fepetra/
[2026-07-13T18:26:12.375063+00:00] saved https://www.freenews.mg/jiro-eny-aminny-politeknika-vontovorona-tafapetraka-ny-milina-famokarana-herinaratra-miisa-2/
[2026-07-13T18:26:14.553561+00:00] saved https://www.freenews.mg/depiotenandramasina-miantso-ny-hanohizana-ny-fifampiresahana-efa-natomboky-ny-filoha/
[2026-07-13T18:26:17.610527+00:00] saved https://www.freenews.mg/anjozorobe-lehilahy-50-taona-tratra-nanolan-jazavavy-13-taona/
[2026-07-13T18:26:20.055570+00:00] saved https://www.freenews.mg/fanambaranireo-holafitra-miisa-dimy-hanatanteraka-hatrany-ny-asany-ireo-mpiasanny-fahasalamana/
[2026-07-13T18:26:21.579617+00:00] saved https://www.freenews.mg/toe-draharaham-pirenena-miantso-ny-miaramila-ho-tony-ny-minisitry-ny-foloalindahy/
[2026-07-13T18:26:22.649717+00:00] saved https://www.freenews.mg/tsenanalakamisy-mahamasina-mitaraina-ho-matiantoka-ireo-mpivarotra-noho-ny-savorovoro/
[2026-07-13T18:26:23.864542+00:00] saved https://www.freenews.mg/fampihodinana-tobim-pamokarana-herinaratra-eto-antananarivo-nanainga-tany-toamasina-omaly-ireo-fiarabe-miisa-8-mitatitra-fitaovana/
[2026-07-13T18:26:25.117354+00:00] saved https://www.freenews.mg/fampiasana-vola-sandoka-lehilahy-iray-nahatrarana-1-700-000-ariary-hosoka-tao-analavory/
[2026-07-13T18:26:26.646480+00:00] saved https://www.freenews.mg/mpiasanny-fahasalamana-tsy-andraikitry-ny-sendika-ny-manala-na-mametraka-olona-aminny-toerany/
[2026-07-13T18:26:28.056277+00:00] saved https://www.freenews.mg/fanafoanana-ny-delestazy-eto-antananarivo-hametra-pialana-ny-filoha-raha-tsy-vita-ao-anatinny-herintaona/
[2026-07-13T18:26:29.076339+00:00] saved https://www.freenews.mg/savorovoro-ny-25-septambra-2025-mpandroba-05-naiditra-am-ponja-mpanao-fihetsiketsehana-14-arahi-maso-ara-pitsarana/
[2026-07-13T18:26:30.429794+00:00] saved https://www.freenews.mg/fifanintsananny-amboara-erantany-2026-isanireo-hiatrika-ny-lalao-sakana-aty-afrika-ny-barea-ani-madagasikara/
[2026-07-13T18:26:31.843824+00:00] saved https://www.freenews.mg/governemanta-vaovao-voatendry-ireo-minisitra-telo-misahana-ny-fitandroana-filaminana/
[2026-07-13T18:26:32.883959+00:00] saved https://www.freenews.mg/fanarenana-ny-firenena-miantso-ny-fiaraha-mientanny-rehetra-ny-praiminisitra-zafisambo-ruphin/
[2026-07-13T18:26:34.341566+00:00] saved https://www.freenews.mg/fifidianana-loholona-nahemotra-ny-daty-fandrotsahana-ny-antontan-taratasy-filatsahan-kofidina/
[2026-07-13T18:26:35.582934+00:00] saved https://www.freenews.mg/lma-ampefiloha-mitohy-ny-fampianarana/
[2026-07-13T18:26:36.881604+00:00] saved https://www.freenews.mg/fampiakarana-ireo-milina-mpamokatra-herinaratra-avy-any-toamasina-hisy-fanelingelenana-mandritra-ny-hateloana-ny-fifamoivoizana-eny-aminny-rn2/
[2026-07-13T18:26:37.910162+00:00] saved https://www.freenews.mg/fanapoizinana-ara-tsakafo-olona-12-indray-naiditra-hopitaly-tany-ambohimandroso/
[2026-07-13T18:26:39.008625+00:00] saved https://www.freenews.mg/vehivavy-mpitarika-malagasy-ho-anny-fihavanana-miantso-fandraisananjaranny-tanora-aminny-fomba-tsy-manome-vahana-ny-herisetra/
[2026-07-13T18:26:40.039020+00:00] saved https://www.freenews.mg/mahajanga-nanamafy-ny-fanohanany-ny-filoha-andry-rajoelina/
[2026-07-13T18:26:41.331061+00:00] saved https://www.freenews.mg/fikatsaham-bahaolana-aminny-fotoan-tsarotra-firaisamonim-pirenena-mihoatra-ny-60-nifanakalo-hevitra-taminny-filoha/
[2026-07-13T18:26:42.916081+00:00] saved https://www.freenews.mg/fitantanan-draharaham-panjakana-noraisinny-filoha-andry-rajoelina-ny-synad/
[2026-07-13T18:26:44.034521+00:00] saved https://www.freenews.mg/mpandraharaha-rava-fananana-mitentim-bidy-any-aminny-200-miliara-ar-ny-fahavoazana-taminny-fandrobana/
[2026-07-13T18:26:45.490253+00:00] saved https://www.freenews.mg/filoha-andry-rajoelina-tsy-avelako-hisy-handrava-sy-hamotika-ny-firenentsika/
[2026-07-13T18:26:46.768238+00:00] saved https://www.freenews.mg/pdg-maminiaina-ravatomanga-tsia-ny-aminny-fandrobana-fandravana-asa-ary-ny-fanafihana-ny-asa-sy-ny-fandraharahana/
[2026-07-13T18:26:47.788727+00:00] saved https://www.freenews.mg/ady-aminny-fandrobana-natsangana-ny-brigade-anti-pillage-eo-anivonny-polisim-pirenena/
[2026-07-13T18:26:49.074442+00:00] saved https://www.freenews.mg/vondrona-parlemantera-eny-aminny-antenimierampirenena-mitohy-ny-fifampidinihana-sy-fifanakalozan-kevitra-hisianny-fifampihainoana/
[2026-07-13T18:26:50.737653+00:00] saved https://www.freenews.mg/tanora-sy-fanatanjahantena-iraisam-pirenena-vonona-hanohana-ani-madagasikara-hatrany-ny-firenena-mikambana/
[2026-07-13T18:26:51.776620+00:00] saved https://www.freenews.mg/fifanintsananny-amboara-erantany-2026-nivoaka-ny-lisitrireo-mpilalaonny-barea-hiatrika-ny-andro-faha-9-sy-faha-10/
[2026-07-13T18:26:53.073613+00:00] saved https://www.freenews.mg/synad-miantso-fitoniana-sy-fihaonana-an-databatra-boribory/
[2026-07-13T18:26:54.289140+00:00] saved https://www.freenews.mg/sendikanny-paramed-mpiasam-panjakana-tsy-tokony-ho-afangaro-ny-fitakiana-teknika-sy-ny-hetsika-ara-politika/
[2026-07-13T18:26:55.564881+00:00] saved https://www.freenews.mg/fahasalamam-bahoaka-ao-maroantsetra-hiasa-tsy-ho-ela-ny-fitaovam-pitarafana-raitra-ao-aminny-hopitalibe/
[2026-07-13T18:26:56.532398+00:00] saved https://www.freenews.mg/solontenanny-mpiasanny-fahasalamana-tsy-fialokalofanizay-manao-ny-tsy-mety-ny-sendika/
[2026-07-13T18:26:57.771420+00:00] saved https://www.freenews.mg/omc-mihemotra-aminny-08-ora-ka-hatraminny-04-ora-maraina-ny-couvre-feu/
[2026-07-13T18:27:00.217276+00:00] saved https://www.freenews.mg/famoriam-bahoaka-tsy-nahazoana-alalana-handray-fepetra-henjana-ho-anireo-manao-fandikan-dalana-ny-emmonat/
[2026-07-13T18:27:01.524345+00:00] saved https://www.freenews.mg/fivoriambe-faha-80-ny-firenena-mikambana-nanao-antso-avo-ny-filoha-rajoelina-mba-hiarovana-ny-agoa/
[2026-07-13T18:27:02.915157+00:00] saved https://www.freenews.mg/entana-avy-any-ivelany-sigara-good-look-hosoka-57-000-fonosana-tratra-tany-mahajanga/
[2026-07-13T18:27:04.321873+00:00] saved https://www.freenews.mg/fihetsiketsehana-rahampitso-tsy-azo-tanterahina-nandray-fepetra-ny-prefe/
[2026-07-13T18:27:05.828545+00:00] saved https://www.freenews.mg/filoha-andry-rajoelina-sady-hitondra-ny-feoni-madagasikara-no-mitondra-ny-feonny-sadc-anio/
[2026-07-13T18:28:24.257525+00:00] saved https://www.freenews.mg/vondrona-esanandro-sy-etech-consulting-miverina-misokatra-ankoatranny-la-balancoire/
[2026-07-13T18:29:30.671388+00:00] saved https://www.freenews.mg/fanapahan-dalana-grevy-doro-kodiarana-mpianatri-vontovorona-dimy-naratra-nandritra-ny-fihetsiketsehana/
[2026-07-13T18:29:33.401964+00:00] saved https://www.freenews.mg/fankalazana-ny-faha-80-taonny-onu-nanakoako-ny-antso-ho-anny-filaminana-sy-fandriampahalemana/
[2026-07-13T18:29:37.657171+00:00] saved https://www.freenews.mg/sinoa-mianadahy-hita-faty-teny-67ha-nisy-namono-roa-lahy-tomponantoka-voasambotra/
[2026-07-13T18:29:58.866949+00:00] saved https://www.freenews.mg/80-taona-nijoroanny-firenena-mikambana-hanatrika-ny-fihaonambe-ny-filoha-rajoelina-hitondra-ny-feonny-sadc/
[2026-07-13T18:30:05.389970+00:00] saved https://www.freenews.mg/fandikan-dalana-teny-aminny-lapam-panjakana-ny-tao-aminny-antenimierandoholona-no-nitory-ani-baba-sy-clemence/
[2026-07-13T18:30:37.426040+00:00] saved https://www.freenews.mg/tambazotra-iraisanantananarivo-mahatratra-hatraminny-25-ny-fidinanny-famokarana-herinaratra/
[2026-07-13T18:30:42.790474+00:00] saved https://www.freenews.mg/haintrano-tao-mananjary-nahavory-16-tapitrisa-ar-mahery-ny-vahoakanifanadiana-ho-anireo-traboina/
[2026-07-13T18:30:47.100874+00:00] saved https://www.freenews.mg/madagasikara-frantsa-mipaka-mivantana-aminny-vahoaka-eny-ifotony-ny-fiarahamiasa-itsinjaram-pahefana/
[2026-07-13T18:30:55.753517+00:00] saved https://www.freenews.mg/hetsika-nataoni-baba-rakotoarisoa-mampibaribary-ny-fahalemenny-mpanohitra/
[2026-07-13T18:31:00.423145+00:00] saved https://www.freenews.mg/maroantsetra-nidoboka-ponja-ireo-telo-lahy-milaza-mahay-mampitombo-vola/
[2026-07-13T18:31:04.186209+00:00] saved https://www.freenews.mg/teleferika-anosy-ambatobemisokatra-ho-anny-daholobe-manomboka-anio-3-000ar-ny-tapakila/
[2026-07-13T18:31:06.930519+00:00] saved https://www.freenews.mg/tsenabenny-sadc-anehoana-ny-fahaiza-manaonny-malagasy-aminny-asa-tanana/
[2026-07-13T18:31:08.655082+00:00] saved https://www.freenews.mg/habibiana-ao-toamasina-tovovavy-iray-maty-nisy-nitifitra-teo-aminny-tendany/
[2026-07-13T18:31:10.190620+00:00] saved https://www.freenews.mg/chan-2024-vonona-handresy-ny-les-etalons-ny-barea-anio/
[2026-07-13T18:31:12.998137+00:00] saved https://www.freenews.mg/bakalorea-5798-ny-taham-pahafahana-tao-fianarantsoa/
[2026-07-13T18:31:15.209493+00:00] saved https://www.freenews.mg/raharaha-ambohimalaza-manamafy-ny-manam-pahefana-fa-mbola-any-am-ponja-i-fenohasina/
[2026-07-13T18:31:17.283569+00:00] saved https://www.freenews.mg/oniversiteni-toamasina-nandray-anjara-taminny-famelabelaran-kevitra-ho-anny-daholobe-anny-sadc/
[2026-07-13T18:31:18.674609+00:00] saved https://www.freenews.mg/sokatra-miisa-1-102-efa-vita-kitoza-olona-iray-voasambotra-tany-tsihombe-androy-14-hafa-mbola-karohana/
[2026-07-13T18:31:19.876377+00:00] saved https://www.freenews.mg/raharaha-fanapoizinana-teny-ambohimalaza-natsangana-ny-vaomiera-hanampy-ireo-niharam-boina/
[2026-07-13T18:31:21.580046+00:00] saved https://www.freenews.mg/chan-2024-tafita-aminny-ampahefa-dalana-ny-barea-raha-mandresy-ani-burkina-faso/
[2026-07-13T18:31:23.667100+00:00] saved https://www.freenews.mg/filohanny-filan-kevitry-ny-minisitry-ny-sadc-hisahana-ny-andraikitra-mandritra-ny-herintaona-rtoa-rafaravavitafika-rasata/
[2026-07-13T18:31:25.123359+00:00] saved https://www.freenews.mg/fanakorontanana-ny-fanadinana-bakalorea-misy-milaza-fa-mivarotra-mention-eny-aminny-fesiboky/
[2026-07-13T18:31:26.429375+00:00] saved https://www.freenews.mg/chan-2024-mila-mandresy-ani-rep-centrafrique-sy-burkina-faso-ny-barea/
[2026-07-13T18:31:27.850773+00:00] saved https://www.freenews.mg/ivato-andranotapahina-misokatra-ho-anny-rehetra-ny-lalana-voie-rapide-mirefy-4km/
[2026-07-13T18:31:29.594468+00:00] saved https://www.freenews.mg/jono-tsy-manara-dalana-niampy-ny-fitaovana-hanamafisana-ny-fanaraha-maso/
[2026-07-13T18:31:31.157666+00:00] saved https://www.freenews.mg/lozam-pifamoivoizana-rn-11a-ankizy-efa-taona-nofaohinny-4x4-maty-tsy-tra-drano/
[2026-07-13T18:31:32.655495+00:00] saved https://www.freenews.mg/fandrodanana-trano-tao-toamasina-ii-itadiavam-bahaolana-am-pilaminana-hisianny-fitoniana/
[2026-07-13T18:31:34.239373+00:00] saved https://www.freenews.mg/fanalam-baraka-aminny-facebook-naiditra-am-ponja-vonjimaika-ny-benny-tananani-ranotsara-avaratra/
[2026-07-13T18:31:35.895140+00:00] saved https://www.freenews.mg/enara-galleria-eny-tsarasaotra-ho-vita-tanteraka-anio-ny-toerana-handraisana-ny-bazar-de-la-sadc/
[2026-07-13T18:31:37.477896+00:00] saved https://www.freenews.mg/madagasikara-tany-aminny-cjsoi-nandrombaka-medaly-miisa-49-volamena-ny-15/
[2026-07-13T18:31:40.403277+00:00] saved https://www.freenews.mg/faritra-arovana-menabe-antimena-nahitana-firehetana-4-andro-vao-voafehy-ny-afo/
[2026-07-13T18:31:42.567794+00:00] saved https://www.freenews.mg/fandraisana-ny-fitantanana-ny-sadc-namaly-ireo-mpitsikera-azy-ny-filoha-rajoelina/
[2026-07-13T18:31:44.493659+00:00] saved https://www.freenews.mg/fiatrehana-ny-maintany-fiarabe-18-hanampy-ny-famatsian-drano-eto-antananarivo/
[2026-07-13T18:31:45.698598+00:00] saved https://www.freenews.mg/tsinjoarivo-imanga-rn1-manamboninahitra-polisy-roa-lavonny-lozam-pifamoivoizana/
[2026-07-13T18:31:46.913408+00:00] saved https://www.freenews.mg/fitaterana-an-tariby-hisokatra-ho-anny-daholobe-manomboka-ny-16-aogositra-izao/
[2026-07-13T18:31:48.238848+00:00] saved https://www.freenews.mg/sekretera-mpanatanteraky-ny-sadc-afapo-aminny-fikarakarana-ataoni-madagasikara/
[2026-07-13T18:31:49.573211+00:00] saved https://www.freenews.mg/fandraisana-ny-fihaonambenny-sadc-miantso-fitoniana-politika-ny-filohanny-antenimierampirenena/
[2026-07-13T18:31:51.529033+00:00] saved https://www.freenews.mg/fampitomboana-ny-famokarana-hiara-hiasa-aminny-sehatry-ny-fambolena-i-madagasikara-sy-maorisy/
[2026-07-13T18:31:58.267579+00:00] saved https://www.freenews.mg/sekolim-panjakana-manerana-ny-nosy-mpianatra-maherinny-1-tapitrisa-hisitraka-kahie/
[2026-07-13T18:32:00.381220+00:00] saved https://www.freenews.mg/fandraisana-ny-fivoriambenny-sadc-firaisankina-no-ilaina-fa-tsy-fanoherana-bontolo/
[2026-07-13T18:32:02.460243+00:00] saved https://www.freenews.mg/halatra-fiara-hita-teny-anosibe-ilay-fiara-very-teny-aminny-kianja-barea/
[2026-07-13T18:32:04.001593+00:00] saved https://www.freenews.mg/raharaha-boeing-777-efa-eto-madagasikara-ny-fbi-hanadihady-hoy-ny-praiminisitra/
[2026-07-13T18:32:05.249416+00:00] saved https://www.freenews.mg/vondrona-sadc-risdp-2020-2030-hiadian-kevitra-ny-hanamafisana-ny-fifandraisanny-samy-mpikambana/
[2026-07-13T18:32:06.637469+00:00] saved https://www.freenews.mg/mayotte-tovovavy-malagasy-19-taona-maty-nisy-namono/
[2026-07-13T18:32:08.055787+00:00] saved https://www.freenews.mg/tsena-sabotsy-antsirabe-nanolo-tanana-ny-asa-fanarenana-ny-loholona-lalatiana-rakotondrazafy/
[2026-07-13T18:32:09.158058+00:00] saved https://www.freenews.mg/bakalorea-2025-tombanana-hivoaka-afaka-3-herinandro-ny-valim-panadinana/
[2026-07-13T18:32:10.397113+00:00] saved https://www.freenews.mg/raharaha-boeing-777-any-iran-lasibatry-ny-fanaparitahana-vaovao-diso-indray-ny-zanaky-ny-filoha/
[2026-07-13T18:32:11.909952+00:00] saved https://www.freenews.mg/disadisa-filohanny-senat-sy-ny-mpanao-gazety-manolo-tena-hanelanelana-ny-loholona-lalatiana-rakotondrazafy-raha-ilaina/
[2026-07-13T18:32:13.576730+00:00] saved https://www.freenews.mg/famitahana-mpanao-cash-point-tratra-ilay-rangahy-nametraka-vola-sandoka-600-000-ariary/
[2026-07-13T18:32:14.643053+00:00] saved https://www.freenews.mg/oniversiteni-toamasina-hametrahana-ivontoerana-hampiroborobo-ny-teny-sy-kolontsaina-koreana/
[2026-07-13T18:32:15.945666+00:00] saved https://www.freenews.mg/fandraketana-fiaraha-miasa-eo-aminny-fanjakana-sy-ny-sehatra-tsy-miankina/
[2026-07-13T18:32:17.269106+00:00] saved https://www.freenews.mg/fandraisana-ireo-fivorianny-sadc-manolo-tanana-ny-lafiny-haitao-ara-kajy-mirindra-ny-mpiara-miombona-antoka/
[2026-07-13T18:32:18.481695+00:00] saved https://www.freenews.mg/raharaha-ambohimalaza-nidoboka-eny-antanimora-i-fenohasina-sy-ny-reniny/
[2026-07-13T18:32:19.933359+00:00] saved https://www.freenews.mg/raharaha-boeing-777-200-any-iran-tsy-nahalala-ny-zava-misy-ny-filoha-sy-ny-praiminisitra/
[2026-07-13T18:32:20.936403+00:00] saved https://www.freenews.mg/governemanta-nesorina-taminny-toerany-ny-minisitry-ny-fitaterana-sy-ny-famantarana-ny-toetrandro/
[2026-07-13T18:32:22.389114+00:00] saved https://www.freenews.mg/fampiasana-laharana-fiaramanidina-hosoka-teratany-indianina-sy-malagasy-iray-karohina-fatratra/
[2026-07-13T18:32:24.311589+00:00] saved https://www.freenews.mg/tetikasa-tana-masoandro-hanao-ny-fandalinana-ara-teknika-momba-ny-rano-ny-groupe-sinomach-hainan-development-co/
[2026-07-13T18:32:25.607804+00:00] saved https://www.freenews.mg/hopitaly-sy-biraonny-prefe-ao-maroantsetra-hanala-fahasahiranana-tanteraka-ny-vahoakanambatosoa/
[2026-07-13T18:32:26.682021+00:00] saved https://www.freenews.mg/raharaha-vono-olona-voasambotry-ny-fokonolona-ireo-enin-dahy-tomponantoka-iray-maty-voadaroka/
[2026-07-13T18:32:28.105541+00:00] saved https://www.freenews.mg/ala-honko-aty-afrika-hita-eto-madagasikara-ny-20/
[2026-07-13T18:32:29.270585+00:00] saved https://www.freenews.mg/hekrifama-miantso-ny-hiainana-indray-ny-soatoavina-maha-malagasy/
[2026-07-13T18:32:30.736262+00:00] saved https://www.freenews.mg/rallye-des-industries-nampiditra-ny-tanora-aminny-tontolonny-indostria/
[2026-07-13T18:32:34.080607+00:00] saved https://www.freenews.mg/parc-solaire-fanamboaran-dalana-fanamby-maro-no-hovitaina-ao-aminny-faritra-ambatosoa/
[2026-07-13T18:32:35.967209+00:00] saved https://www.freenews.mg/fihinanana-zavatra-tsy-fihinana-mpivady-indray-maty-nisakafo-kalamaoka-dia/
[2026-07-13T18:32:37.942805+00:00] saved https://www.freenews.mg/tsingerintaona-nahafaty-olona-32-fantatra-ireo-poizina-nampiasaina-niaiky-ny-helony-ilay-tomponantoka/
[2026-07-13T18:32:39.375630+00:00] saved https://www.freenews.mg/voie-rapide-ivato-ambohitrimanjaka-hisokatra-tanteraka-aminny-fiandohanny-volana-aogositra/
[2026-07-13T18:32:41.113307+00:00] saved https://www.freenews.mg/asa-tsy-ara-dalana-anaty-seranam-piaramanidina-olona-telo-voasambotra-nidoboka-am-ponja-ny-roa/
[2026-07-13T18:32:43.649313+00:00] saved https://www.freenews.mg/hetsika-cfme-andiany-faha-9-hisy-ireo-karazana-tolotrasa-sy-fiofanana-ho-anny-tanora/
[2026-07-13T18:32:47.430995+00:00] saved https://www.freenews.mg/bakalorea-any-toliara-mpianatra-62-nanao-hosoka-olona-17-hafa-tratra-nisolo-toerana-mpiadina/
[2026-07-13T18:32:50.290613+00:00] saved https://www.freenews.mg/fihaonana-an-tamponny-sadc-vonona-aminny-fandraisana-i-madagasikara/
[2026-07-13T18:32:56.086133+00:00] saved https://www.freenews.mg/ambohimalaza-fatinolona-iray-hita-tao-anaty-sakaosy/
[2026-07-13T18:32:59.151773+00:00] saved https://www.freenews.mg/orinasa-xiaomi-any-chine-mamokatra-fiara-1-000-isa-isanandro/
[2026-07-13T18:33:01.182471+00:00] saved https://www.freenews.mg/herinandronny-fampiroboroboana-ny-indostria-ho-ambohi-pihaonanireo-mpisehatra-ara-toekarena-eo-anivonny-sadc/
[2026-07-13T18:33:03.150980+00:00] saved https://www.freenews.mg/fanapoizinana-namoizana-aina-maro-hisy-ny-tatitra-sy-ny-fanazavana-rehetra-rahampitso-alina/
[2026-07-13T18:33:05.408202+00:00] saved https://www.freenews.mg/bakalorea-taranja-matematika-mpianatra-6-nahatrarana-formule-tao-anaty-masinina-fanaovana-kaonty/
[2026-07-13T18:33:08.360671+00:00] saved https://www.freenews.mg/valanjavaboary-nosy-hara-antsiranana-dauphins-miisa-22-hita-faty-hirosoana-ny-fanadihadiana-siantifika/
[2026-07-13T18:33:10.724416+00:00] saved https://www.freenews.mg/generation-2000s-andiany-faha-3-efa-vonona-hampiaina-indray-ny-taona-2000-ireo-mpanakanto-valo/
[2026-07-13T18:33:13.368091+00:00] saved https://www.freenews.mg/fanapoizinana-tetsy-ambohimalaza-vita-fanadihadiana-i-fenohasina-notazomina-etsy-fiadanana-ny-reniny/
[2026-07-13T18:33:16.463985+00:00] saved https://www.freenews.mg/andro-voalohanny-bakalorea-olona-iray-mitonona-ho-polisy-tratra-misoloky-aminny-fivarotana-laza-adina/
[2026-07-13T18:33:19.631476+00:00] saved https://www.freenews.mg/antsirabe-may-hatraminny-95-ny-tsena-sabotsy/
[2026-07-13T18:33:26.574654+00:00] saved https://www.freenews.mg/mpikaroka-fandikan-dalana-kaomisera-sy-ofisie-miisa-80-avy-aminny-andiany-manampi-nahavita-fianianana/
[2026-07-13T18:33:29.633942+00:00] saved https://www.freenews.mg/roa-vavy-mpianaka-voasambotra-nanao-horonantsary-mamoafady-tamin-janany-kely-mianadahy/
[2026-07-13T18:33:34.674046+00:00] saved https://www.freenews.mg/bakalorea-2025-mpiadina-miisa-222-330-hiatrika-fanadinana-manomboka-anio/
[2026-07-13T18:33:41.210789+00:00] saved https://www.freenews.mg/raharaha-ambohimalaza-hiatrika-fanadihadiana-tsy-ho-ela-ny-tompom-pety-sy-ny-fianakaviany/
[2026-07-13T18:34:57.638129+00:00] error fetching https://www.freenews.mg/fitaterana-an-tariby-soaranoivandry-hosantarina-mandritra-ny-fihaonambenny-sadc-ny-fitondrana-olona/: Failed to perform, curl: (28) Connection timed out after 30002 milliseconds. See https://curl.se/libcurl/c/libcurl-errors.html first for more details.
[2026-07-13T18:36:29.657031+00:00] error fetching https://www.freenews.mg/ady-aminny-kolikoly-naneho-ny-fahavononany-ireo-mpikambana-vaovaonny-pac-fianarantsoa/: Failed to perform, curl: (28) Connection timed out after 30002 milliseconds. See https://curl.se/libcurl/c/libcurl-errors.html first for more details.
[2026-07-13T18:36:37.141183+00:00] saved https://www.freenews.mg/arivonimamo-razana-iray-hita-tanaty-lava-pako-ahina-ho-nisy-namono/
[2026-07-13T18:36:38.678375+00:00] saved https://www.freenews.mg/akany-fitahiantsoa-andranomahery-nahazo-tohana-indray-avy-amin-dramatoa-lalatiana-rakotondrazafy/
[2026-07-13T18:36:39.763240+00:00] saved https://www.freenews.mg/fitantanana-ny-jirama-tsy-omena-ny-tsy-miankina-tsy-misintaka-ny-fanjakana/
[2026-07-13T18:36:41.083659+00:00] saved https://www.freenews.mg/fahitalavitra-free-tv-azo-arahina-ao-aminny-canal-plus-manomboka-ny-28-jolay-izao/
[2026-07-13T18:36:43.376578+00:00] saved https://www.freenews.mg/branchement-mora-tsy-ara-dalana-teny-ambohimanambola-mpandraharaha-voaheloka-higadra-enim-bolana-sy-hanefa-onitra-2-tapitrisa-ariary/
[2026-07-13T18:36:52.508026+00:00] saved https://www.freenews.mg/zaza-08-volana-saika-haondrana-any-gabon-sarona-ilay-vehivavy-nokaramaina-03-tapitrisa-ar-sy-ny-namany-07-hafa/
[2026-07-13T18:37:02.448447+00:00] saved https://www.freenews.mg/fihaonana-an-tampony-sadc-nanome-fiara-16-hitondrana-ireo-filoham-pirenena-i-chine/
[2026-07-13T18:37:07.743169+00:00] saved https://www.freenews.mg/milinny-jirama-simba-any-atsimo-andrefana-voamarina-fa-mitapoka-solika-fandrehitra-ny-solika-nampiasaina/
[2026-07-13T18:37:10.371717+00:00] saved https://www.freenews.mg/lalambe-migodana-antananarivo-toamasina-ho-voarakotra-tara-mialohanny-fihaonambenny-sadc-ny-8km/
[2026-07-13T18:37:12.572783+00:00] saved https://www.freenews.mg/andry-rajoelina-ho-filohanny-sadc-hisahana-andraikitra-goavana-aty-atsimoni-afrika-sy-aminny-sehatra-iraisampirenena/
[2026-07-13T18:37:16.445010+00:00] saved https://www.freenews.mg/raharaha-annick-ratsiraka-fitoriana-nataonolon-tsotra-tsy-misy-resaka-politika/
[2026-07-13T18:37:24.843863+00:00] saved https://www.freenews.mg/ikongo-tokantrano-4000-nisitraka-asa-sosialy-avy-aminny-filoham-pirenena-mivady/
[2026-07-13T18:37:35.700566+00:00] saved https://www.freenews.mg/fahasahiana-politika-nandroso-i-madagasikara-taminny-fitakiana-ireo-nosy-malagasy/
[2026-07-13T18:37:47.427166+00:00] saved https://www.freenews.mg/mahafasa-farafangana-nosamborina-ilay-benny-tanana-nidaroka-tao-anaty-bar/
[2026-07-13T18:37:54.637203+00:00] saved https://www.freenews.mg/tsingerin-taona-nahafatesana-olona-maro-mahazo-vahana-ireo-vaovao-tsy-mari-pototra-hanaratsiana-ny-fanjakana/
[2026-07-13T18:38:05.098955+00:00] saved https://www.freenews.mg/frantsa-sy-madagasikara-hanohy-ny-fiarahamiasa-mifototra-aminny-fampandrosoana-maharitra/
[2026-07-13T18:38:14.137176+00:00] saved https://www.freenews.mg/arivonimamo-ii-fasana-iray-vaky-razana-miisa-20-novorahina/
[2026-07-13T18:38:19.597454+00:00] saved https://www.freenews.mg/fanadinana-bakalorea-tsy-misy-laza-adina-mivoaka-mialoha-mpisoloky-4-no-voasambotra/
[2026-07-13T18:38:24.864153+00:00] saved https://www.freenews.mg/farafasina-nosy-varika-mpihady-volamena-enina-indray-maty-nihotsahanny-tany/
[2026-07-13T18:38:30.382689+00:00] saved https://www.freenews.mg/ivon-toeram-panofanana-manaraka-ny-fenitra-nampahafantarina-bebe-kokoa-ny-daholobe-ny-momba-ny-msa/
[2026-07-13T18:38:34.396989+00:00] saved https://www.freenews.mg/fiandrianana-aminireo-nosy-malagasy-tsy-niova-taminny-fitakiany-i-madagasikara/
[2026-07-13T18:38:36.364795+00:00] saved https://www.freenews.mg/tanteraka-ny-fanamby-nahazo-coliseum-vaovao-i-fianarantsoa/
[2026-07-13T18:38:41.648373+00:00] saved https://www.freenews.mg/fanatsarana-ny-seha-pihariana-omby-nolanianireo-loholona-tsy-nisy-nitsipaka-ilay-tolo-dalana-002-2025senatppl/
[2026-07-13T18:38:46.485361+00:00] saved https://www.freenews.mg/fahapoizinana-ara-tsakafo-any-toamasina-tafakatra-11-ireo-manaraka-fitsaboana-ankizy-ny-3/
[2026-07-13T18:38:51.490959+00:00] saved https://www.freenews.mg/fanafihana-tsy-tanteraka-teny-itaosy-tambazotran-jiolahy-iray-ravanny-zandary-roa-lahy-lavonny-bala/
[2026-07-13T18:38:56.720659+00:00] saved https://www.freenews.mg/filoha-andry-rajoelina-nanolotra-fotodrafitrasa-maro-ho-ani-matsiatra-ambony/
[2026-07-13T18:39:03.764540+00:00] saved https://www.freenews.mg/kolonely-patrick-rakotomamonjy-voasazy-20-taona-an-tranomaizina/
[2026-07-13T18:39:10.669952+00:00] saved https://www.freenews.mg/25-taona-niakarana-an-tsehatra-hifanome-fotoana-etsy-aminny-palais-des-sports-i-tovo-jhay-sy-ny-mpankafy/
[2026-07-13T18:39:16.895301+00:00] saved https://www.freenews.mg/solika-ilaharambe-eto-antananarivo-ampy-ny-tahiry-olana-ara-pitaterana-no-antony/
[2026-07-13T18:39:24.834432+00:00] saved https://www.freenews.mg/ady-aminny-tazomoka-isanireo-fanafody-nalefa-any-ikongo-ny-cvo/
[2026-07-13T18:39:33.472689+00:00] saved https://www.freenews.mg/filankevitry-ny-minisitra-ao-fianarantsoa-ifantoka-manokana-aminny-laharam-pahamehanny-fiainam-bahoaka/
[2026-07-13T18:39:41.539628+00:00] saved https://www.freenews.mg/halatra-jiro-an-dalambe-lehilahy-iray-tratra-ambodiomby/
[2026-07-13T18:39:48.475223+00:00] saved https://www.freenews.mg/fibodoana-ireo-nosy-malagasy-nitaky-ny-fiandrianany-i-madagasikara-ary-fanonerana-aminny-fanjakana-frantsay/
[2026-07-13T18:39:53.398424+00:00] saved https://www.freenews.mg/fanondranana-varika-an-tsokosoko-olona-roa-tra-tehaka-teny-aminny-seranam-piaramanidina-ivato/
[2026-07-13T18:40:03.826541+00:00] saved https://www.freenews.mg/findramam-bola-aminny-banky-nanazava-momba-ilay-hetra-20-aminny-zana-bola-ny-mef/
[2026-07-13T18:40:08.891500+00:00] saved https://www.freenews.mg/fitadiavam-bola-aminny-laza-adina-bepc-handraisana-fepetra-ireo-mikasa-hanakorontana/
[2026-07-13T18:40:14.415801+00:00] saved https://www.freenews.mg/fivoriana-faharoa-any-paris-anio-dingana-vaovao-aminny-fifampidinihana-momba-ireo-nosy-malagasy/
[2026-07-13T18:40:17.627089+00:00] saved https://www.freenews.mg/menaka-vokarina-any-toamasina-manaraka-ny-fenitra-sy-tsy-misy-tokony-hatahorana/
[2026-07-13T18:40:22.482473+00:00] saved https://www.freenews.mg/trano-manamorona-ny-rn11a-kolonely-misotro-ronono-sy-ny-vadiny-ary-lehilahy-iray-indray-hita-faty/
[2026-07-13T18:40:26.468650+00:00] saved https://www.freenews.mg/nitandro-filaminana-nandritra-ny-fety-zandary-iray-maty-voakapa-famaky-teo-aminny-lohany/
[2026-07-13T18:40:29.402434+00:00] saved https://www.freenews.mg/tazomoka-any-ikongo-mandeha-ny-fitsaboana-nohamafisina-ny-fanentanana/
[2026-07-13T18:40:36.050606+00:00] saved https://www.freenews.mg/sakafo-voatonona-ho-niteraka-fahapoizinana-mbola-andalam-panaovana-fanadihadiana-ireo-tomponandraikitra/
[2026-07-13T18:40:40.400689+00:00] saved https://www.freenews.mg/fampivoarana-ny-vehivavy-vehivavy-25-hiofana-momba-ny-nomerika-mandritra-ny-2-volana/
[2026-07-13T18:40:44.256053+00:00] saved https://www.freenews.mg/findramam-bola-aminny-banky-lasa-handoavana-hetra-20-ny-zana-bola-aminny-findramam-bola/
[2026-07-13T18:40:51.179159+00:00] saved https://www.freenews.mg/bedidy-amparafaravola-zazavavy-roa-indray-naolana-dimy-lahy/
[2026-07-13T18:40:58.180822+00:00] saved https://www.freenews.mg/faha-65-taonny-fahaleovantena-vahoaka-maro-niray-fo-sy-naneho-fitiavan-tanindrazana/
[2026-07-13T18:41:07.335389+00:00] saved https://www.freenews.mg/famokarana-angovo-azo-havaozina-50-mgw-vita-ny-fifanaraham-piahamiasa-eo-amini-madagasikara-sy-ny-global-south-utilities/
[2026-07-13T18:41:14.599527+00:00] saved https://www.freenews.mg/famatsiana-solika-mihoatra-ny-1045-tapitrisa-litatra-ny-tahiry-manerana-ny-nosy/
[2026-07-13T18:48:53.181423+00:00] run started, 244 already seen, target 0 new
[2026-07-13T18:51:25.988327+00:00] saved https://www.freenews.mg/fitaterana-an-tariby-soaranoivandry-hosantarina-mandritra-ny-fihaonambenny-sadc-ny-fitondrana-olona/
[2026-07-13T18:51:32.023362+00:00] saved https://www.freenews.mg/ady-aminny-kolikoly-naneho-ny-fahavononany-ireo-mpikambana-vaovaonny-pac-fianarantsoa/
[2026-07-13T18:51:37.581964+00:00] saved https://www.freenews.mg/firongatry-ny-fahapoizinana-ara-tsakafo-hamafisina-ny-fitiliana-ireo-entana-mandra-pahatonga-eny-aminny-mpanjifa/
[2026-07-13T18:51:51.179625+00:00] saved https://www.freenews.mg/distrikani-tsiroanomandidy-mitohy-ny-fiahiana-ireo-kaominina-ataonny-loholona-lalatiana-rakotondrazafy/
[2026-07-13T18:52:43.965235+00:00] saved https://www.freenews.mg/lalatiana-rakotondrazafy-nampita-hafatra-mafonja-ho-anireo-mpikatroka-freedom-ao-bongolava/
[2026-07-13T18:52:52.626244+00:00] saved https://www.freenews.mg/fanasana-nitera-doza-tao-ambositra-tafakatra-11-ireo-matinny-fahapoizinana-ara-tsakafo/
[2026-07-13T18:53:02.784563+00:00] saved https://www.freenews.mg/depiotenifanadiana-nanamafy-fa-tena-mandripaka-olona-maro-ny-tazomoka-ao-ikongo/
[2026-07-13T18:53:07.934948+00:00] saved https://www.freenews.mg/bus-electrique-maoderina-hitatitra-maimaimpoana-ireo-vahoaka-hihazo-ani-lac-iarivo-anio/
[2026-07-13T18:53:12.339698+00:00] saved https://www.freenews.mg/faha-65-taonanny-fahaleovantena-sy-fijoroanny-foloalindahy-napetraka-eny-analakely-ny-tsangambato-fahatsiarovana/
[2026-07-13T18:53:19.648474+00:00] saved https://www.freenews.mg/asa-fampandrosoana-omena-sehatra-ireo-manam-pahaizana-malagasy-avy-any-ivelany/
[2026-07-13T18:53:31.947522+00:00] saved https://www.freenews.mg/cepe-antananarivo-renivohitra-niakatra-8591-ny-taham-pahafahana/
[2026-07-13T18:53:57.733572+00:00] saved https://www.freenews.mg/distrikani-betafo-benny-tanana-18-nosalorana-samboady/
[2026-07-13T18:54:07.509605+00:00] saved https://www.freenews.mg/25-jona-eny-aminny-lac-iarivo-hianoka-anaty-hetsika-tsy-manam-paharoa-ny-vahoaka/
[2026-07-13T18:54:22.444940+00:00] saved https://www.freenews.mg/sehatry-ny-fandraharahana-vonona-hiara-hiasa-amini-madagasikara-i-egytpe/
[2026-07-13T18:54:35.776863+00:00] saved https://www.freenews.mg/salon-national-des-sports-2025-hatao-ny-28-29-30-jona-izao-ny-andiany-voalohany/
[2026-07-14T04:24:36.640776+00:00] run started, 259 already seen, target 2 new
