[2026-07-13T12:50:24.731571+00:00] run started, 0 already seen, target 10 new
[2026-07-13T12:50:38.811042+00:00] saved https://midi-madagasikara.mg/mouvance-zafy-contre-le-2e-tour-de-la-presidentielle/
[2026-07-13T12:50:44.888513+00:00] saved https://midi-madagasikara.mg/les-sillons-du-passe-la-coutume-du-jao/
[2026-07-13T12:50:50.105403+00:00] saved https://midi-madagasikara.mg/epp-ambohitrarahaba-letablissement-dote-dun-refectoire-pour-la-cantine-scolaire/
[2026-07-13T12:50:56.958869+00:00] saved https://midi-madagasikara.mg/nouvelle-strategie-de-campagne-ravalomanana-defend-le-choix-de-mangalaza/
[2026-07-13T12:51:03.624095+00:00] saved https://midi-madagasikara.mg/necrologie-du-16-novembre-2013/
[2026-07-13T12:51:16.812032+00:00] saved https://midi-madagasikara.mg/necrologie-du-19-novembre-2013/
[2026-07-13T12:51:44.151000+00:00] saved https://midi-madagasikara.mg/572/
[2026-07-13T12:51:52.133889+00:00] saved https://midi-madagasikara.mg/necrologie-du-22-novembre-2013/
[2026-07-13T12:51:58.197247+00:00] saved https://midi-madagasikara.mg/necrologie-du-21-novembre-2013/
[2026-07-13T12:52:04.491776+00:00] saved https://midi-madagasikara.mg/necrologie-du-23-novembre-2013/
[2026-07-13T12:52:04.492076+00:00] stopped: limit reached (10 new articles)
[2026-07-13T14:02:45.965397+00:00] run started, 10 already seen, target 10 new
[2026-07-13T14:02:54.884798+00:00] saved https://midi-madagasikara.mg/necrologie-du-25-novembre-2013/
[2026-07-13T14:03:03.714484+00:00] saved https://midi-madagasikara.mg/necrologie-du-26-novembre-2013/
[2026-07-13T14:04:18.855118+00:00] run started, 12 already seen, target 10 new
[2026-07-13T14:04:30.438569+00:00] saved https://midi-madagasikara.mg/necrologie-du-27-novembre-2013/
[2026-07-13T14:04:35.915121+00:00] saved https://midi-madagasikara.mg/necrologie-du-28-novembre-2013/
[2026-07-13T14:04:45.944638+00:00] saved https://midi-madagasikara.mg/necrologie-du-29-novembre-2013/
[2026-07-13T14:04:59.147779+00:00] saved https://midi-madagasikara.mg/fanafihana-taxi-brousse-hiara-kiasa-akaiky-ny-mpitandro-filaminana-sy-ny-mpitatitra/
[2026-07-13T14:05:06.345223+00:00] saved https://midi-madagasikara.mg/blueline-tv-desormais-tamatave/
[2026-07-13T14:05:17.543267+00:00] saved https://midi-madagasikara.mg/necrologie-du-30-novembre-2013/
[2026-07-13T14:05:27.022131+00:00] saved https://midi-madagasikara.mg/necrologie-02-decembre-2013/
[2026-07-13T14:05:33.147268+00:00] saved https://midi-madagasikara.mg/ninie-doniah-de-passage-mada-bientot-un-clip-la-tele/
[2026-07-13T14:05:46.653356+00:00] saved https://midi-madagasikara.mg/health-service-faciliter-les-demarches-vers-linde-pour-les-patients/
[2026-07-13T14:05:54.722670+00:00] saved https://midi-madagasikara.mg/alliances-pour-le-second-tour-robinson-part-avec-3381-contre-2507-pour-hery/
[2026-07-13T14:05:54.722963+00:00] stopped: limit reached (10 new articles)
[2026-07-13T14:37:22.624208+00:00] run started, 22 already seen, target 0 new
[2026-07-13T14:37:55.115130+00:00] saved https://midi-madagasikara.mg/necrologie-03-decembre-2013/
[2026-07-13T14:38:05.233243+00:00] saved https://midi-madagasikara.mg/pma-creation-demplois-decevante/
[2026-07-13T14:38:35.472679+00:00] saved https://midi-madagasikara.mg/promotion-de-fin-dannee-remise-de-20-25-chez-makiplast/
[2026-07-13T14:38:44.087851+00:00] saved https://midi-madagasikara.mg/television-numerique-terrestre-blueline-lance-evolution-la-box-multifonction/
[2026-07-13T14:38:51.549211+00:00] saved https://midi-madagasikara.mg/ambatolampy-folo-lahy-nanafika-lasa-ny-vola-10-tapitrisa-ariary/
[2026-07-13T14:39:17.186293+00:00] saved https://midi-madagasikara.mg/judo-analamanga-sept-clubs-sur-onze-veulent-la-demission-de-la-ligue/
[2026-07-13T14:39:38.736352+00:00] saved https://midi-madagasikara.mg/elodie-hiridjee-karmaly-le-tour-une-satisfaction-pour-la-star/
[2026-07-13T14:40:01.573598+00:00] saved https://midi-madagasikara.mg/menace-de-troubles-un-colonel-dans-le-collimateur-des-forces-de-lordre/
[2026-07-13T14:40:27.110473+00:00] saved https://midi-madagasikara.mg/grad-iloafo-soutien-franc-jl-robinson/
[2026-07-13T14:40:47.414958+00:00] saved https://midi-madagasikara.mg/necrologie-04-decembre-2013/
[2026-07-13T14:41:01.896537+00:00] saved https://midi-madagasikara.mg/typhon-au-philippines-des-malgaches-engages-dans-laction-daide-humanitaire/
[2026-07-13T14:41:27.667364+00:00] saved https://midi-madagasikara.mg/usaid-lancement-du-projet-mikolo/
[2026-07-13T14:41:34.452205+00:00] saved https://midi-madagasikara.mg/micro-finance-les-malgaches-en-quete-de-prets/
[2026-07-13T14:41:41.105012+00:00] saved https://midi-madagasikara.mg/unicef-katy-perry-nouvelle-ambassadrice-itinerante/
[2026-07-13T14:41:50.314207+00:00] saved https://midi-madagasikara.mg/acces-linformation-publique-validation-dune-charte/
[2026-07-13T14:42:13.524791+00:00] saved https://midi-madagasikara.mg/rugby-des-bonnes-nouvelles-de-partout/
[2026-07-13T14:42:22.834795+00:00] saved https://midi-madagasikara.mg/sports-paralympiques-analamanga-les-finales-pour-ce-samedi/
[2026-07-13T14:43:17.648998+00:00] saved https://midi-madagasikara.mg/football-cosafa-u20-les-barea-battus-par-5-buts-1-par-langola/
[2026-07-13T14:43:24.064126+00:00] saved https://midi-madagasikara.mg/basket-ball-tournoi-firaisankina-place-aux-quarts-de-finale/
[2026-07-13T14:43:40.360015+00:00] saved https://midi-madagasikara.mg/chenevar-playa-au-jaos-pub-anniversaire-en-grande-pompe/
[2026-07-13T14:44:01.164275+00:00] saved https://midi-madagasikara.mg/njila-jour-j-3-pour-le-show-du-palais-des-sports/
[2026-07-13T14:44:21.948037+00:00] saved https://midi-madagasikara.mg/belly-show-la-danse-orientale-dans-toute-sa-splendeur/
[2026-07-13T14:44:35.008589+00:00] saved https://midi-madagasikara.mg/infrastructure-routiere-les-regles-relatives-linondation-dans-un-guide/
[2026-07-13T14:44:42.703151+00:00] saved https://midi-madagasikara.mg/mampiasa-dia-mahazoa-des-nombreux-lots-pour-les-gagnants/
[2026-07-13T14:45:04.555467+00:00] saved https://midi-madagasikara.mg/retour-des-bailleurs-de-fonds-le-pnud-en-tete-de-liste-avec-la-snrd/
[2026-07-13T14:45:10.912750+00:00] saved https://midi-madagasikara.mg/raharaha-16-miliara-olona-dimy-naiditra-ponja/
[2026-07-13T14:45:21.701817+00:00] saved https://midi-madagasikara.mg/antsiranana-fifandonana-teo-aminny-foroches-olona-roa-maty/
[2026-07-13T14:45:48.728271+00:00] saved https://midi-madagasikara.mg/antanimena-mpanakorontana-niditra-keriny-tao-aminny-jk-group/
[2026-07-13T14:46:09.508481+00:00] saved https://midi-madagasikara.mg/besalampy-mpanatra-miisa-30-voanny-aretina-hafahafa/
[2026-07-13T14:46:24.518414+00:00] saved https://midi-madagasikara.mg/ambohijatovo-hazo-nitera-doza-nisy-naratra-sy-fiara-simba/
[2026-07-13T14:46:52.363165+00:00] saved https://midi-madagasikara.mg/ambohimahitsy-valolahy-mirongo-basy-nanafika-olona-iray-maty-voatifitra/
[2026-07-13T14:47:05.945588+00:00] saved https://midi-madagasikara.mg/dadou-un-don-de-1-155-ampoules-pour-le-iiie-arrondissement/
[2026-07-13T14:47:22.184859+00:00] saved https://midi-madagasikara.mg/jean-louis-robinson-le-statut-de-favori-confirme/
[2026-07-13T14:47:57.869834+00:00] saved https://midi-madagasikara.mg/pierrot-rajaonarivelo-soutien-et-consigne-de-vote-pour-hery-rajaonarimampianina/
[2026-07-13T14:48:19.966455+00:00] saved https://midi-madagasikara.mg/free-fm-reprise-de-lemission-anao-ny-fitenenana-ce-jour/
[2026-07-13T14:48:39.805380+00:00] saved https://midi-madagasikara.mg/debat-televise-le-ton-monte-entre-les-deux-candidats/
[2026-07-13T14:49:16.585328+00:00] saved https://midi-madagasikara.mg/conseil-detat-requete-deposee-par-le-kmf-cnoe-irrecevable/
[2026-07-13T14:50:21.166406+00:00] saved https://midi-madagasikara.mg/implication-maximale/
[2026-07-13T14:50:28.885200+00:00] saved https://midi-madagasikara.mg/cl-charles-andrianasoavina-contre-le-maintien-au-pouvoir-de-rajoelina-et-consorts/
[2026-07-13T14:50:44.845797+00:00] saved https://midi-madagasikara.mg/necrologie-05-decembre-2013/
[2026-07-13T14:50:52.248719+00:00] saved https://midi-madagasikara.mg/hery-rajaonarimampianina-le-candidat-n3-donne-lexemple/
[2026-07-13T14:51:04.708023+00:00] saved https://midi-madagasikara.mg/o-c-p-un-noel-international-en-musique-ce-dimanche/
[2026-07-13T14:51:20.976253+00:00] saved https://midi-madagasikara.mg/portrait-prisca-rakotomalala-ou-la-passion-de-la-danse/
[2026-07-13T14:51:44.183743+00:00] saved https://midi-madagasikara.mg/tour-de-mada-les-belges-au-dessus-du-lot/
[2026-07-13T14:52:08.089929+00:00] saved https://midi-madagasikara.mg/necrologie-06-decembre-2013/
[2026-07-13T14:52:26.374016+00:00] saved https://midi-madagasikara.mg/miarinarivo-polisy-nisahana-fifamoivoizana-maty-nodomina-moto/
[2026-07-13T14:52:53.100104+00:00] saved https://midi-madagasikara.mg/necrologie-07-decembre-2013/
[2026-07-13T14:53:05.866199+00:00] saved https://midi-madagasikara.mg/corruption-madagascar-senlise/
[2026-07-13T14:53:30.909917+00:00] saved https://midi-madagasikara.mg/golf-ringer-score-bni-ratsimbazafy-marchand-et-ratrimoson-recompenses/
[2026-07-13T14:53:56.044286+00:00] saved https://midi-madagasikara.mg/necrologie-09-decembre-2013/
[2026-07-13T14:54:20.229790+00:00] saved https://midi-madagasikara.mg/la-maison-du-sport-un-concours-de-photographies-en-sport-est-lance/
[2026-07-13T14:54:38.094198+00:00] saved https://midi-madagasikara.mg/rn-25-zazavavikely-maty-voadonanny-fiara/
[2026-07-13T14:54:59.773903+00:00] saved https://midi-madagasikara.mg/ambilobe-trano-123-levonny-afo/
[2026-07-13T14:55:11.425963+00:00] saved https://midi-madagasikara.mg/necrologie-du-10-decembre-2013/
[2026-07-13T14:55:26.628770+00:00] saved https://midi-madagasikara.mg/ravalomanana-64-ans-cinquieme-anniversaire-fete-en-exil/
[2026-07-13T14:55:35.064140+00:00] saved https://midi-madagasikara.mg/hery-rajaonarimampianina-la-victoire-est-proche/
[2026-07-13T14:56:08.265819+00:00] saved https://midi-madagasikara.mg/necrologie-12-decembre-2013/
[2026-07-13T14:56:14.887521+00:00] saved https://midi-madagasikara.mg/ankorondrano-ankizy-lahy-nilomano-maty-drano/
[2026-07-13T14:56:26.227028+00:00] saved https://midi-madagasikara.mg/affaire-bombe-artisanale-les-freres-radjan-devant-le-juge-ce-jour/
[2026-07-13T14:56:31.919591+00:00] saved https://midi-madagasikara.mg/dadou-lecoute-des-doleances-des-riverains-du-iiie-arrondissement/
[2026-07-13T14:56:38.226727+00:00] saved https://midi-madagasikara.mg/hery-rajaonarimampianina-lunion-fait-la-force/
[2026-07-13T14:56:46.194405+00:00] saved https://midi-madagasikara.mg/necrologie-du-13-decembre-2013/
[2026-07-13T14:56:54.412591+00:00] saved https://midi-madagasikara.mg/guide-du-week-end-141213/
[2026-07-13T14:57:01.721566+00:00] saved https://midi-madagasikara.mg/capella-telo-sy-telo-lalbum-sept-ans-plus-tard/
[2026-07-13T14:57:23.088336+00:00] saved https://midi-madagasikara.mg/karate-passage-de-grade-71-combattants-passent-lexamen/
[2026-07-13T14:57:28.806393+00:00] saved https://midi-madagasikara.mg/famonoana-pasitera-karana-vehivavy-vietnamienne-tadiavinny-polisy/
[2026-07-13T14:57:35.966354+00:00] saved https://midi-madagasikara.mg/affaire-bombe-artisanale-15-ans-demprisonnement-pour-moustapha/
[2026-07-13T14:57:46.304025+00:00] saved https://midi-madagasikara.mg/tapatapany141213/
[2026-07-13T14:57:52.809228+00:00] saved https://midi-madagasikara.mg/lutte-contre-la-peste-privilegier-la-sensibilisation-selon-le-ministere-de-la-sante-publique/
[2026-07-13T14:57:59.695094+00:00] saved https://midi-madagasikara.mg/circulation-des-kilometres-de-bouchon-paralysent-tana/
[2026-07-13T14:58:20.506869+00:00] saved https://midi-madagasikara.mg/non-respect-des-textes-sur-les-elections-mamy-rakotoarivelo-interpelle-la-ceni-t/
[2026-07-13T14:58:35.440200+00:00] saved https://midi-madagasikara.mg/dr-heriniaina-andriambelosoa-dentisterie-pour-ankadikely-ilafy-et-sabotsy-namehana/
[2026-07-13T14:58:45.230396+00:00] saved https://midi-madagasikara.mg/hery-rajaonarimampianina-bilan-positif-pour-lexpert-comptable/
[2026-07-13T14:58:59.766603+00:00] saved https://midi-madagasikara.mg/jl-robinson-en-province-rassemblement-autour-du-candidat-n33/
[2026-07-13T14:59:06.786653+00:00] saved https://midi-madagasikara.mg/necrologie-du-14-decembre-2013/
[2026-07-13T14:59:15.990890+00:00] saved https://midi-madagasikara.mg/karate-pari-tenu-pour-la-federation/
[2026-07-13T14:59:22.166016+00:00] saved https://midi-madagasikara.mg/le-patrouilleur-atsantsa-en-mission-de-surveillance-dans-locean-indien/
[2026-07-13T14:59:28.923157+00:00] saved https://midi-madagasikara.mg/necrologie-du-16-decembre-2013/
[2026-07-13T14:59:35.493623+00:00] saved https://midi-madagasikara.mg/mfpf-reunion-du-comite-de-pilotage-hier/
[2026-07-13T14:59:42.464619+00:00] saved https://midi-madagasikara.mg/anosibe-une-mere-tue-sa-fille/
[2026-07-13T14:59:50.036689+00:00] saved https://midi-madagasikara.mg/dadou-declaration-en-direct-sur-ma-tv-demain/
[2026-07-13T15:00:11.281673+00:00] saved https://midi-madagasikara.mg/necrologie-du-17-decembre-2013/
[2026-07-13T15:00:45.438553+00:00] saved https://midi-madagasikara.mg/debat-politique/
[2026-07-13T15:00:55.951698+00:00] saved https://midi-madagasikara.mg/necrologie-du-18-decembre-2013/
[2026-07-13T15:01:11.428108+00:00] saved https://midi-madagasikara.mg/cbm-deux-semaines-de-campagne-media-en-faveur-des-personnes-handicapees/
[2026-07-13T15:01:19.495389+00:00] saved https://midi-madagasikara.mg/fifidianana-sy-faranny-taona-tsy-handefitra-aminny-mpanakorontana-ny-mpitandro-filaminana/
[2026-07-13T15:01:29.382121+00:00] saved https://midi-madagasikara.mg/necrologie-du-19-decembre-2013/
[2026-07-13T15:01:46.157785+00:00] saved https://midi-madagasikara.mg/necrologie-du-21-decembre-2013/
[2026-07-13T15:02:12.761663+00:00] saved https://midi-madagasikara.mg/ambohitrimanjaka-lehilahy-naka-keriny-zazakely-niharanny-fitsaram-bahoaka/
[2026-07-13T15:02:30.231918+00:00] saved https://midi-madagasikara.mg/programme-babeo-une-reussite-micro-entrepreneuriale-pour-355-femmes/
[2026-07-13T15:03:13.275525+00:00] saved https://midi-madagasikara.mg/necrologie-du-23-decembre-2013/
[2026-07-13T15:03:21.973258+00:00] saved https://midi-madagasikara.mg/midongy-atsimo-zazalahy-14-taona-nataonny-dahalo-takalonaina/
[2026-07-13T15:03:37.155226+00:00] saved https://midi-madagasikara.mg/necrologie-du-24-decembre-2013/
[2026-07-13T15:03:45.319767+00:00] saved https://midi-madagasikara.mg/noely-nisy-matinny-toaka-sy-voatsindrona-antsy/
[2026-07-13T15:10:17.134345+00:00] run started, 116 already seen, target 0 new
[2026-07-13T15:10:38.754909+00:00] saved https://midi-madagasikara.mg/necrologie-du-26-decembre-2013/
[2026-07-13T15:11:00.750373+00:00] saved https://midi-madagasikara.mg/toliara-raim-pianakaviana-avy-nivavaka-voaendaka-sy-naratra-mafy/
[2026-07-13T15:11:16.421107+00:00] saved https://midi-madagasikara.mg/toliara-bandy-roa-tsy-nahazaka-olam-pitiavana-namono-tena/
[2026-07-13T15:11:36.850156+00:00] saved https://midi-madagasikara.mg/necrologie-du-27-decembre-2013/
[2026-07-13T15:11:45.774033+00:00] saved https://midi-madagasikara.mg/tana-mpivarotra-maro-voasoloky-aminny-seky-halatra/
[2026-07-13T15:11:52.311065+00:00] saved https://midi-madagasikara.mg/necrologie-du-28-decembre-2013/
[2026-07-13T15:12:13.907651+00:00] saved https://midi-madagasikara.mg/necrologie-du-30-decembre-2013/
[2026-07-13T15:12:41.081842+00:00] saved https://midi-madagasikara.mg/ordures-menageres-les-bacs-debordent-toujours/
[2026-07-13T15:12:48.397121+00:00] saved https://midi-madagasikara.mg/serananivato-mpiasa-voatsatoka-antsy-teo-aminny-lohany/
[2026-07-13T15:13:07.557603+00:00] saved https://midi-madagasikara.mg/mahitsy-fiara-nivarina-kady-olona-iray-maty-16-naratra-mafy/
[2026-07-13T15:13:22.145795+00:00] saved https://midi-madagasikara.mg/necrologie-du-31-decembre-2013/
[2026-07-13T15:13:29.151823+00:00] saved https://midi-madagasikara.mg/necrologie-du-02-janvier-2014/
[2026-07-13T15:13:54.915648+00:00] saved https://midi-madagasikara.mg/grands-corps-de-letat-crainte-dune-guerre-civile/
[2026-07-13T15:14:17.815504+00:00] saved https://midi-madagasikara.mg/necrologie-du-04-janvier-2014/
[2026-07-13T15:14:34.035925+00:00] saved https://midi-madagasikara.mg/necrologie-du-06-janvier-2014/
[2026-07-13T15:14:40.599198+00:00] saved https://midi-madagasikara.mg/necrologie-du-07-janvier-2014/
[2026-07-13T15:15:04.941898+00:00] saved https://midi-madagasikara.mg/necrologie-du-08-janvier-2014/
[2026-07-13T15:15:10.847572+00:00] saved https://midi-madagasikara.mg/necrologie-du-09-janvier-2014/
[2026-07-13T15:15:25.390843+00:00] saved https://midi-madagasikara.mg/necrologie-du-10-janvier-2014/
[2026-07-13T15:15:48.866957+00:00] saved https://midi-madagasikara.mg/necrologie-du-11-janvier-2014/
[2026-07-13T15:15:54.751788+00:00] saved https://midi-madagasikara.mg/necrologie-du-14-janvier-2014/
[2026-07-13T15:15:59.884743+00:00] saved https://midi-madagasikara.mg/necrologie-du-15-janvier-2014/
[2026-07-13T15:16:17.921681+00:00] saved https://midi-madagasikara.mg/necrologie-du-15-janvier-2014-2/
[2026-07-13T15:16:26.607349+00:00] saved https://midi-madagasikara.mg/necrologie-du-17-janvier-2014/
[2026-07-13T15:16:46.173327+00:00] saved https://midi-madagasikara.mg/necrologie-du-18-janvier-2014/
[2026-07-13T15:17:07.084989+00:00] saved https://midi-madagasikara.mg/necrologie-du-20-janvier-2014/
[2026-07-13T15:17:13.994960+00:00] saved https://midi-madagasikara.mg/cfa-dambatovy-2-300-paysans-formes-brickaville/
[2026-07-13T15:17:21.481397+00:00] saved https://midi-madagasikara.mg/manambaro-vola-20-tapitrisa-ar-nanjavona-mandeha-ny-famotorana/
[2026-07-13T15:17:26.944594+00:00] saved https://midi-madagasikara.mg/mahajanga-les-bas-quartiers-leau/
[2026-07-13T15:17:33.778021+00:00] saved https://midi-madagasikara.mg/necrologie-du-21-janvier-2014/
[2026-07-13T15:17:48.758184+00:00] saved https://midi-madagasikara.mg/necrologie-du-22-janvier-2014/
[2026-07-13T15:21:43.501158+00:00] run started, 147 already seen, target 0 new
[2026-07-13T15:21:55.416886+00:00] saved https://midi-madagasikara.mg/necrologie-du-23-janvier-2014/
[2026-07-13T18:23:49.731323+00:00] run started, 148 already seen, target 0 new
[2026-07-13T18:25:56.490580+00:00] error fetching https://midi-madagasikara.mg/necrologie-du-24-janvier-2014/: Page.goto: Timeout 30000ms exceeded.
Call log:
  - navigating to "https://midi-madagasikara.mg/necrologie-du-24-janvier-2014/", waiting until "load"

[2026-07-13T18:27:02.055733+00:00] saved https://midi-madagasikara.mg/necrologie-du-25-janvier-2014/
[2026-07-13T18:28:34.855635+00:00] error fetching https://midi-madagasikara.mg/necrologie-du-27-janvier-2014/: Page.goto: Timeout 30000ms exceeded.
Call log:
  - navigating to "https://midi-madagasikara.mg/necrologie-du-27-janvier-2014/", waiting until "load"

[2026-07-13T18:30:07.626933+00:00] error fetching https://midi-madagasikara.mg/necrologie-du-28-janvier-2014/: Page.goto: Timeout 30000ms exceeded.
Call log:
  - navigating to "https://midi-madagasikara.mg/necrologie-du-28-janvier-2014/", waiting until "load"

[2026-07-13T18:31:15.332507+00:00] saved https://midi-madagasikara.mg/necrologie-du-29-janvier-2014/
[2026-07-13T18:31:36.253081+00:00] saved https://midi-madagasikara.mg/necrologie-du-30-janvier-2014/
[2026-07-13T18:31:56.052091+00:00] saved https://midi-madagasikara.mg/necrologie-du-31-janvier-2014/
[2026-07-13T18:32:23.313394+00:00] saved https://midi-madagasikara.mg/necrologie-du-01-fevrier-2014/
[2026-07-13T18:33:03.671551+00:00] saved https://midi-madagasikara.mg/toliara-mpianatra-nanendaka-saika-matinny-olona/
[2026-07-13T18:34:36.524272+00:00] error fetching https://midi-madagasikara.mg/necrologie-du-03-fevrier-2014/: Page.goto: Timeout 30000ms exceeded.
Call log:
  - navigating to "https://midi-madagasikara.mg/necrologie-du-03-fevrier-2014/", waiting until "load"

[2026-07-13T18:36:09.300953+00:00] error fetching https://midi-madagasikara.mg/cancer-demystifier-les-idees-recues/: Page.goto: Timeout 30000ms exceeded.
Call log:
  - navigating to "https://midi-madagasikara.mg/cancer-demystifier-les-idees-recues/", waiting until "load"

[2026-07-13T18:37:06.054303+00:00] saved https://midi-madagasikara.mg/tennis-fed-cup-les-dames-la-houlette-de-rija-rajaobelina/
[2026-07-13T18:38:38.903766+00:00] error fetching https://midi-madagasikara.mg/quid-du-gouvernement/: Page.goto: Timeout 30000ms exceeded.
Call log:
  - navigating to "https://midi-madagasikara.mg/quid-du-gouvernement/", waiting until "load"

[2026-07-13T18:39:58.635560+00:00] saved https://midi-madagasikara.mg/ambatondrazaka-nitoka-monina-nandritra-ny-ora-maro/
[2026-07-13T18:40:51.887524+00:00] saved https://midi-madagasikara.mg/fanintsiana/
[2026-07-13T18:46:25.197683+00:00] run started, 157 already seen, target 0 new
[2026-07-13T18:48:53.153245+00:00] run started, 157 already seen, target 0 new
[2026-07-13T18:49:12.539722+00:00] stopped: error during discovery: <urlopen error _ssl.c:1015: The handshake operation timed out>
