[2026-07-05T14:48:18.094089+00:00] run started, 0 already seen, target 5 new
[2026-07-05T14:48:24.852630+00:00] saved https://newsmada.com/2015/05/29/us-and-north-korea-to-hold-nuclear-talks-in-beijing/
[2026-07-05T14:48:26.880601+00:00] saved https://newsmada.com/2022/08/24/mois-de-la-peinture/
[2026-07-05T14:48:28.972733+00:00] saved https://newsmada.com/2022/08/24/musique-classique/
[2026-07-05T14:48:31.180201+00:00] saved https://newsmada.com/2022/08/24/musique-electro/
[2026-07-05T14:48:33.529000+00:00] saved https://newsmada.com/2022/08/24/bojy-1/
[2026-07-05T14:48:33.530305+00:00] stopped: limit reached (5 new articles)
[2026-07-05T14:48:42.323688+00:00] run started, 5 already seen, target 5 new
[2026-07-05T14:49:20.301785+00:00] error fetching https://newsmada.com/2022/08/24/bojy-2-lorem-ipsum/: Failed to perform, curl: (7) Failed to connect to newsmada.com port 443 after 0 ms: Could not connect to server. See https://curl.se/libcurl/c/libcurl-errors.html first for more details.
[2026-07-05T14:49:22.322297+00:00] error fetching https://newsmada.com/2022/08/24/nainako/: Failed to perform, curl: (6) Could not resolve host: newsmada.com. See https://curl.se/libcurl/c/libcurl-errors.html first for more details.
[2026-07-05T14:49:24.342488+00:00] error fetching https://newsmada.com/2022/08/24/approvisionnement-en-carburants/: Failed to perform, curl: (6) Could not resolve host: newsmada.com. See https://curl.se/libcurl/c/libcurl-errors.html first for more details.
[2026-07-05T14:49:26.362642+00:00] error fetching https://newsmada.com/2022/08/24/appui-aux-chaines-de-valeur/: Failed to perform, curl: (6) Could not resolve host: newsmada.com. See https://curl.se/libcurl/c/libcurl-errors.html first for more details.
[2026-07-05T14:49:28.379482+00:00] error fetching https://newsmada.com/2022/08/24/conjoncture-la-crise-freine-la-creation-dentreprises-%ef%bf%bc/: Failed to perform, curl: (6) Could not resolve host: newsmada.com. See https://curl.se/libcurl/c/libcurl-errors.html first for more details.
[2026-07-05T14:49:30.401195+00:00] error fetching https://newsmada.com/2022/08/24/elevage-bovin-redynamisation-de-la-ferme-de-vohilava/: Failed to perform, curl: (6) Could not resolve host: newsmada.com. See https://curl.se/libcurl/c/libcurl-errors.html first for more details.
[2026-07-05T14:49:32.424417+00:00] error fetching https://newsmada.com/2022/08/22/refonte-du-code-minier-atelier-de-consultation-des-parties-prenantes/: Failed to perform, curl: (6) Could not resolve host: newsmada.com. See https://curl.se/libcurl/c/libcurl-errors.html first for more details.
[2026-07-05T14:49:34.448374+00:00] error fetching https://newsmada.com/2022/08/24/telecommunication-croissance-de-la-consommation-des-donnees-mobiles-%ef%bf%bc/: Failed to perform, curl: (6) Could not resolve host: newsmada.com. See https://curl.se/libcurl/c/libcurl-errors.html first for more details.
[2026-07-05T14:49:36.469719+00:00] error fetching https://newsmada.com/2022/08/24/affaire-tuerie-dankazobe-sept-personnes-apprehendees-lors-dune-operation-de-ratissage/: Failed to perform, curl: (6) Could not resolve host: newsmada.com. See https://curl.se/libcurl/c/libcurl-errors.html first for more details.
[2026-07-05T14:49:38.488655+00:00] error fetching https://newsmada.com/2022/08/24/rn13-un-camion-charge-sest-renverse-en-faisant-demi-tour/: Failed to perform, curl: (6) Could not resolve host: newsmada.com. See https://curl.se/libcurl/c/libcurl-errors.html first for more details.
[2026-07-05T14:49:40.511649+00:00] error fetching https://newsmada.com/2022/08/24/rn44-deux-morts-et-cinq-blesses-dans-lembardee-dun-4x4%ef%bf%bc/: Failed to perform, curl: (6) Could not resolve host: newsmada.com. See https://curl.se/libcurl/c/libcurl-errors.html first for more details.
[2026-07-05T14:49:42.531107+00:00] error fetching https://newsmada.com/2022/08/24/pole-anti-corruption-le-nom-du-nouveau-coordonnateur-attendu/: Failed to perform, curl: (6) Could not resolve host: newsmada.com. See https://curl.se/libcurl/c/libcurl-errors.html first for more details.
[2026-07-05T14:49:44.547195+00:00] error fetching https://newsmada.com/2022/08/24/igor-ciobanu-a-lassemblee-nationale-le-statut-des-apatrides-a-lordre-du-jour/: Failed to perform, curl: (6) Could not resolve host: newsmada.com. See https://curl.se/libcurl/c/libcurl-errors.html first for more details.
[2026-07-05T14:49:46.565738+00:00] error fetching https://newsmada.com/2022/08/24/syndicat-des-employes-de-la-secren-contre-linstrumentalisation-politique-des-revendications-sociales/: Failed to perform, curl: (6) Could not resolve host: newsmada.com. See https://curl.se/libcurl/c/libcurl-errors.html first for more details.
[2026-07-05T14:49:48.585125+00:00] error fetching https://newsmada.com/2022/08/24/10-aout-1991-pas-de-commemoration-officielle-hier/: Failed to perform, curl: (6) Could not resolve host: newsmada.com. See https://curl.se/libcurl/c/libcurl-errors.html first for more details.
[2026-07-05T14:49:50.599488+00:00] error fetching https://newsmada.com/2022/08/24/wanted-iarisy/: Failed to perform, curl: (6) Could not resolve host: newsmada.com. See https://curl.se/libcurl/c/libcurl-errors.html first for more details.
[2026-07-05T14:49:52.615702+00:00] error fetching https://newsmada.com/2022/08/24/qmm-assemblee-nationale-un-nouveau-contrat-discute-en-octobre/: Failed to perform, curl: (6) Could not resolve host: newsmada.com. See https://curl.se/libcurl/c/libcurl-errors.html first for more details.
[2026-07-05T14:49:54.632498+00:00] error fetching https://newsmada.com/2022/08/24/ampanihy-appui-a-la-resilience-des-victimes-du-kere/: Failed to perform, curl: (6) Could not resolve host: newsmada.com. See https://curl.se/libcurl/c/libcurl-errors.html first for more details.
[2026-07-05T14:49:56.648555+00:00] error fetching https://newsmada.com/2022/08/24/matsiatra-ambony-ikalamavony-veut-rattraper-son-retard/: Failed to perform, curl: (6) Could not resolve host: newsmada.com. See https://curl.se/libcurl/c/libcurl-errors.html first for more details.
[2026-07-05T14:49:58.669951+00:00] error fetching https://newsmada.com/2022/08/24/ecoles-publiques-gratuite-deguisee-des-droits-dinscription/: Failed to perform, curl: (6) Could not resolve host: newsmada.com. See https://curl.se/libcurl/c/libcurl-errors.html first for more details.
[2026-07-05T14:50:00.687397+00:00] error fetching https://newsmada.com/2022/08/24/sante-don-de-materiel-informatique-de-lusaid/: Failed to perform, curl: (6) Could not resolve host: newsmada.com. See https://curl.se/libcurl/c/libcurl-errors.html first for more details.
[2026-07-05T14:50:02.703802+00:00] error fetching https://newsmada.com/2022/08/24/variole-du-singe-un-centre-de-depistage-dans-les-aeroports/: Failed to perform, curl: (6) Could not resolve host: newsmada.com. See https://curl.se/libcurl/c/libcurl-errors.html first for more details.
[2026-07-05T14:50:04.728082+00:00] error fetching https://newsmada.com/2022/08/24/victoire-sur-le-fil-des-ankoay-filles-sur-les-tanzaniennes/: Failed to perform, curl: (6) Could not resolve host: newsmada.com. See https://curl.se/libcurl/c/libcurl-errors.html first for more details.
[2026-07-05T14:50:06.745214+00:00] error fetching https://newsmada.com/2022/08/24/les-ankoay-garcons-defieront-le-mali-en-demi-finales/: Failed to perform, curl: (6) Could not resolve host: newsmada.com. See https://curl.se/libcurl/c/libcurl-errors.html first for more details.
[2026-07-05T14:50:08.762896+00:00] error fetching https://newsmada.com/2022/08/24/barea-de-madagascar-loic-lapoussin-vaut-2-800-000-euros/: Failed to perform, curl: (6) Could not resolve host: newsmada.com. See https://curl.se/libcurl/c/libcurl-errors.html first for more details.
[2026-07-05T14:50:10.781400+00:00] error fetching https://newsmada.com/2022/08/23/madagascar-soigne-son-rang/: Failed to perform, curl: (6) Could not resolve host: newsmada.com. See https://curl.se/libcurl/c/libcurl-errors.html first for more details.
[2026-07-05T14:50:12.796619+00:00] error fetching https://newsmada.com/2022/08/24/olympiade-dechecs-2022-fy-rakotomaharo-en-passe-de-devenir-grand-maitre/: Failed to perform, curl: (6) Could not resolve host: newsmada.com. See https://curl.se/libcurl/c/libcurl-errors.html first for more details.
[2026-07-05T14:50:14.810222+00:00] error fetching https://newsmada.com/2022/08/24/rallye-du-boeny-mpanamory-33-hiady-lohany/: Failed to perform, curl: (6) Could not resolve host: newsmada.com. See https://curl.se/libcurl/c/libcurl-errors.html first for more details.
[2026-07-05T14:50:16.832863+00:00] error fetching https://newsmada.com/2022/08/24/rugby-nomeni-faneva-ima-godasse-ny-makis-vehivavy/: Failed to perform, curl: (6) Could not resolve host: newsmada.com. See https://curl.se/libcurl/c/libcurl-errors.html first for more details.
[2026-07-05T14:50:18.855891+00:00] error fetching https://newsmada.com/2022/08/24/fahasalamana-hapetraka-eny-aminny-csb-ny-fitiliana-ny-nendran-drajako/: Failed to perform, curl: (6) Could not resolve host: newsmada.com. See https://curl.se/libcurl/c/libcurl-errors.html first for more details.
[2026-07-05T14:50:20.877543+00:00] error fetching https://newsmada.com/2022/08/24/ady-aminny-covid-19-magadasikara-nahazo-fitaovana-hanarahana-ireo-vita-vaksiny/: Failed to perform, curl: (6) Could not resolve host: newsmada.com. See https://curl.se/libcurl/c/libcurl-errors.html first for more details.
[2026-07-05T14:50:22.899026+00:00] error fetching https://newsmada.com/2022/08/24/fjkm-tranovato-ambatonakanga-lehilahy-midera-homarihana-ny-faha-185-taonanny-maritiora-malagasy/: Failed to perform, curl: (6) Could not resolve host: newsmada.com. See https://curl.se/libcurl/c/libcurl-errors.html first for more details.
[2026-07-05T14:50:24.923536+00:00] error fetching https://newsmada.com/2022/08/24/mozika-klasika-hanolotra-seho-roa-ny-madagascar-orchestra/: Failed to perform, curl: (6) Could not resolve host: newsmada.com. See https://curl.se/libcurl/c/libcurl-errors.html first for more details.
[2026-07-05T14:50:26.952974+00:00] error fetching https://newsmada.com/2022/08/24/fifindran-toerana-hiasa-any-perou-ny-mgr-paolo-rocco-gualtieri/: Failed to perform, curl: (6) Could not resolve host: newsmada.com. See https://curl.se/libcurl/c/libcurl-errors.html first for more details.
[2026-07-05T14:50:28.971807+00:00] error fetching https://newsmada.com/2022/08/24/ny-kardinaly-tsarahazana-desire-aoka-ho-matotra-fa-tsy-hihatsaravelatsihy/: Failed to perform, curl: (6) Could not resolve host: newsmada.com. See https://curl.se/libcurl/c/libcurl-errors.html first for more details.
[2026-07-05T14:50:30.992393+00:00] error fetching https://newsmada.com/2022/08/24/ravalitera-jacques-michael-tanjonny-ceni-ny-hidiranny-rehetra-ao-anaty-lisi-pifidianana/: Failed to perform, curl: (6) Could not resolve host: newsmada.com. See https://curl.se/libcurl/c/libcurl-errors.html first for more details.
[2026-07-05T14:50:33.010204+00:00] error fetching https://newsmada.com/2022/08/24/afrobasket-u18-manasa-dalana-nanao-pay-droa-samy-tafakatra-ny-ankoay-lahy-sy-vavy/: Failed to perform, curl: (6) Could not resolve host: newsmada.com. See https://curl.se/libcurl/c/libcurl-errors.html first for more details.
[2026-07-05T14:50:35.030170+00:00] error fetching https://newsmada.com/2022/08/24/nosakananny-emmo-reg-ny-hetsiky-ny-tim-any-antsiranana/: Failed to perform, curl: (6) Could not resolve host: newsmada.com. See https://curl.se/libcurl/c/libcurl-errors.html first for more details.
[2026-07-05T14:50:37.047317+00:00] error fetching https://newsmada.com/2022/08/24/vahaolana-ifotony/: Failed to perform, curl: (6) Could not resolve host: newsmada.com. See https://curl.se/libcurl/c/libcurl-errors.html first for more details.
[2026-07-05T14:50:39.071305+00:00] error fetching https://newsmada.com/2022/08/24/4x4-nivadika-teny-aminny-rn44-profesora-sy-ny-ramatoa-vadiny-namoy-ny-ainy/: Failed to perform, curl: (6) Could not resolve host: newsmada.com. See https://curl.se/libcurl/c/libcurl-errors.html first for more details.
[2026-07-05T14:50:41.105859+00:00] error fetching https://newsmada.com/2022/08/24/qmm-havadika-ho-entona-ny-rano-avy-nampiasaina/: Failed to perform, curl: (6) Could not resolve host: newsmada.com. See https://curl.se/libcurl/c/libcurl-errors.html first for more details.
[2026-07-05T14:50:43.135551+00:00] error fetching https://newsmada.com/2022/08/24/varotra-iraisam-pirenena-cci-voafidy-hanondrana-vokatra-any-chine-i-madagasikara/: Failed to perform, curl: (6) Could not resolve host: newsmada.com. See https://curl.se/libcurl/c/libcurl-errors.html first for more details.
[2026-07-05T14:51:00.706362+00:00] saved https://newsmada.com/2022/08/24/67-ha-mpanendaka-gagilahy-tra-tehaka/
[2026-07-05T14:51:03.004235+00:00] saved https://newsmada.com/2022/08/24/mitohy-ny-hazalambo-olona-efatra-namaniarisy-voasambotra/
[2026-07-05T14:51:05.247159+00:00] saved https://newsmada.com/2022/08/24/fifandonana-mahery-vaika-zandary-iray-maty-voatifitra-dahalo-telo-lavo/
[2026-07-05T14:51:07.385101+00:00] saved https://newsmada.com/2022/08/23/tovolahy-voatifitra-tao-tanambao-verrerie-tsy-jiolahy-ny-havanay-hoy-ny-fianakaviana/
[2026-07-05T14:51:09.837952+00:00] saved https://newsmada.com/2022/08/20/henri-rakotoson/
[2026-07-05T14:51:09.838860+00:00] stopped: limit reached (5 new articles)
